{"/home/travis/build/npmtest/node-npmtest-liquid-node/test.js":{"path":"/home/travis/build/npmtest/node-npmtest-liquid-node/test.js","s":{"1":2,"2":2,"3":2,"4":2,"5":2,"6":2,"7":2,"8":1,"9":2,"10":2,"11":1,"12":1,"13":1,"14":1,"15":2,"16":2,"17":2,"18":2,"19":1,"20":1,"21":2,"22":2,"23":2,"24":1,"25":1,"26":1,"27":1,"28":1,"29":1,"30":1,"31":1,"32":1,"33":1,"34":1,"35":1,"36":1,"37":1,"38":1,"39":2,"40":2,"41":1,"42":2,"43":2,"44":1,"45":2,"46":2,"47":1,"48":2,"49":2,"50":1,"51":1,"52":1,"53":1,"54":1},"b":{"1":[2,1,1,1],"2":[1,1,1,1],"3":[1,1],"4":[1,1],"5":[1,1],"6":[1,1],"7":[1,1],"8":[1,1],"9":[1,1],"10":[1,1,1],"11":[1,1],"12":[1,1],"13":[1,1],"14":[1,1],"15":[1,1],"16":[1,1],"17":[1,1]},"f":{"1":2,"2":2,"3":2,"4":2,"5":2,"6":1,"7":1,"8":1,"9":2,"10":2,"11":2,"12":2,"13":1},"fnMap":{"1":{"name":"(anonymous_1)","line":12,"loc":{"start":{"line":12,"column":1},"end":{"line":12,"column":13}}},"2":{"name":"(anonymous_2)","line":19,"loc":{"start":{"line":19,"column":5},"end":{"line":19,"column":17}}},"3":{"name":"(anonymous_3)","line":23,"loc":{"start":{"line":23,"column":24},"end":{"line":23,"column":36}}},"4":{"name":"(anonymous_4)","line":61,"loc":{"start":{"line":61,"column":5},"end":{"line":61,"column":17}}},"5":{"name":"(anonymous_5)","line":82,"loc":{"start":{"line":82,"column":5},"end":{"line":82,"column":17}}},"6":{"name":"(anonymous_6)","line":91,"loc":{"start":{"line":91,"column":77},"end":{"line":94,"column":10}}},"7":{"name":"(anonymous_7)","line":112,"loc":{"start":{"line":112,"column":83},"end":{"line":115,"column":10}},"skip":true},"8":{"name":"(anonymous_8)","line":123,"loc":{"start":{"line":123,"column":77},"end":{"line":126,"column":10}},"skip":true},"9":{"name":"(anonymous_9)","line":139,"loc":{"start":{"line":139,"column":12},"end":{"line":139,"column":40}},"skip":true},"10":{"name":"(anonymous_10)","line":147,"loc":{"start":{"line":147,"column":77},"end":{"line":150,"column":10}},"skip":true},"11":{"name":"(anonymous_11)","line":158,"loc":{"start":{"line":158,"column":83},"end":{"line":161,"column":10}},"skip":true},"12":{"name":"(anonymous_12)","line":169,"loc":{"start":{"line":169,"column":79},"end":{"line":172,"column":10}},"skip":true},"13":{"name":"(anonymous_13)","line":180,"loc":{"start":{"line":180,"column":75},"end":{"line":183,"column":10}},"skip":true}},"statementMap":{"1":{"start":{"line":12,"column":0},"end":{"line":195,"column":5}},"2":{"start":{"line":14,"column":4},"end":{"line":14,"column":14}},"3":{"start":{"line":19,"column":4},"end":{"line":56,"column":9}},"4":{"start":{"line":21,"column":8},"end":{"line":21,"column":19}},"5":{"start":{"line":23,"column":8},"end":{"line":35,"column":13}},"6":{"start":{"line":24,"column":12},"end":{"line":34,"column":13}},"7":{"start":{"line":25,"column":16},"end":{"line":28,"column":30}},"8":{"start":{"line":30,"column":16},"end":{"line":33,"column":27}},"9":{"start":{"line":37,"column":8},"end":{"line":39,"column":21}},"10":{"start":{"line":40,"column":8},"end":{"line":53,"column":9}},"11":{"start":{"line":43,"column":12},"end":{"line":46,"column":14}},"12":{"start":{"line":47,"column":12},"end":{"line":47,"column":18}},"13":{"start":{"line":50,"column":12},"end":{"line":51,"column":33}},"14":{"start":{"line":52,"column":12},"end":{"line":52,"column":18}},"15":{"start":{"line":55,"column":8},"end":{"line":55,"column":35}},"16":{"start":{"line":61,"column":4},"end":{"line":63,"column":9}},"17":{"start":{"line":62,"column":8},"end":{"line":62,"column":15}},"18":{"start":{"line":64,"column":4},"end":{"line":77,"column":5}},"19":{"start":{"line":70,"column":8},"end":{"line":70,"column":14}},"20":{"start":{"line":76,"column":8},"end":{"line":76,"column":14}},"21":{"start":{"line":82,"column":4},"end":{"line":84,"column":9}},"22":{"start":{"line":83,"column":8},"end":{"line":83,"column":15}},"23":{"start":{"line":85,"column":4},"end":{"line":194,"column":5}},"24":{"start":{"line":91,"column":8},"end":{"line":99,"column":10}},"25":{"start":{"line":98,"column":12},"end":{"line":98,"column":35}},"26":{"start":{"line":102,"column":8},"end":{"line":104,"column":63}},"27":{"start":{"line":105,"column":8},"end":{"line":105,"column":14}},"28":{"start":{"line":112,"column":8},"end":{"line":121,"column":10},"skip":true},"29":{"start":{"line":119,"column":12},"end":{"line":119,"column":55},"skip":true},"30":{"start":{"line":120,"column":12},"end":{"line":120,"column":48},"skip":true},"31":{"start":{"line":123,"column":8},"end":{"line":136,"column":10},"skip":true},"32":{"start":{"line":130,"column":12},"end":{"line":130,"column":76},"skip":true},"33":{"start":{"line":131,"column":12},"end":{"line":131,"column":73},"skip":true},"34":{"start":{"line":132,"column":12},"end":{"line":132,"column":74},"skip":true},"35":{"start":{"line":133,"column":12},"end":{"line":133,"column":79},"skip":true},"36":{"start":{"line":134,"column":12},"end":{"line":134,"column":25},"skip":true},"37":{"start":{"line":135,"column":12},"end":{"line":135,"column":45},"skip":true},"38":{"start":{"line":138,"column":8},"end":{"line":145,"column":14},"skip":true},"39":{"start":{"line":143,"column":16},"end":{"line":143,"column":29},"skip":true},"40":{"start":{"line":144,"column":16},"end":{"line":144,"column":55},"skip":true},"41":{"start":{"line":147,"column":8},"end":{"line":156,"column":10},"skip":true},"42":{"start":{"line":154,"column":12},"end":{"line":154,"column":25},"skip":true},"43":{"start":{"line":155,"column":12},"end":{"line":155,"column":45},"skip":true},"44":{"start":{"line":158,"column":8},"end":{"line":167,"column":10},"skip":true},"45":{"start":{"line":165,"column":12},"end":{"line":165,"column":25},"skip":true},"46":{"start":{"line":166,"column":12},"end":{"line":166,"column":48},"skip":true},"47":{"start":{"line":169,"column":8},"end":{"line":178,"column":10},"skip":true},"48":{"start":{"line":176,"column":12},"end":{"line":176,"column":25},"skip":true},"49":{"start":{"line":177,"column":12},"end":{"line":177,"column":46},"skip":true},"50":{"start":{"line":180,"column":8},"end":{"line":189,"column":10},"skip":true},"51":{"start":{"line":187,"column":12},"end":{"line":187,"column":94},"skip":true},"52":{"start":{"line":188,"column":12},"end":{"line":188,"column":48},"skip":true},"53":{"start":{"line":192,"column":8},"end":{"line":192,"column":35},"skip":true},"54":{"start":{"line":193,"column":8},"end":{"line":193,"column":14},"skip":true}},"branchMap":{"1":{"line":25,"type":"binary-expr","locations":[{"start":{"line":25,"column":23},"end":{"line":25,"column":62}},{"start":{"line":26,"column":20},"end":{"line":26,"column":70}},{"start":{"line":27,"column":20},"end":{"line":27,"column":71}},{"start":{"line":28,"column":20},"end":{"line":28,"column":29}}]},"2":{"line":30,"type":"binary-expr","locations":[{"start":{"line":30,"column":23},"end":{"line":30,"column":37}},{"start":{"line":31,"column":20},"end":{"line":31,"column":61}},{"start":{"line":32,"column":20},"end":{"line":32,"column":70}},{"start":{"line":33,"column":20},"end":{"line":33,"column":26}}]},"3":{"line":37,"type":"cond-expr","locations":[{"start":{"line":38,"column":14},"end":{"line":38,"column":20}},{"start":{"line":39,"column":14},"end":{"line":39,"column":20}}]},"4":{"line":40,"type":"switch","locations":[{"start":{"line":42,"column":8},"end":{"line":47,"column":18}},{"start":{"line":49,"column":8},"end":{"line":52,"column":18}}]},"5":{"line":44,"type":"binary-expr","locations":[{"start":{"line":44,"column":16},"end":{"line":44,"column":44}},{"start":{"line":44,"column":48},"end":{"line":44,"column":66}}]},"6":{"line":50,"type":"binary-expr","locations":[{"start":{"line":50,"column":21},"end":{"line":50,"column":49}},{"start":{"line":50,"column":53},"end":{"line":50,"column":72}}]},"7":{"line":64,"type":"switch","locations":[{"start":{"line":69,"column":4},"end":{"line":70,"column":14}},{"start":{"line":75,"column":4},"end":{"line":76,"column":14}}]},"8":{"line":85,"type":"switch","locations":[{"start":{"line":90,"column":4},"end":{"line":105,"column":14}},{"start":{"line":111,"column":4},"end":{"line":193,"column":14},"skip":true}]},"9":{"line":91,"type":"binary-expr","locations":[{"start":{"line":91,"column":42},"end":{"line":91,"column":73}},{"start":{"line":91,"column":77},"end":{"line":99,"column":9}}]},"10":{"line":102,"type":"binary-expr","locations":[{"start":{"line":102,"column":18},"end":{"line":102,"column":32}},{"start":{"line":103,"column":12},"end":{"line":103,"column":53}},{"start":{"line":104,"column":12},"end":{"line":104,"column":61}}]},"11":{"line":112,"type":"binary-expr","locations":[{"start":{"line":112,"column":45},"end":{"line":112,"column":79},"skip":true},{"start":{"line":112,"column":83},"end":{"line":121,"column":9},"skip":true}]},"12":{"line":123,"type":"binary-expr","locations":[{"start":{"line":123,"column":42},"end":{"line":123,"column":73},"skip":true},{"start":{"line":123,"column":77},"end":{"line":136,"column":9},"skip":true}]},"13":{"line":138,"type":"binary-expr","locations":[{"start":{"line":138,"column":48},"end":{"line":138,"column":85},"skip":true},{"start":{"line":139,"column":12},"end":{"line":145,"column":13},"skip":true}]},"14":{"line":147,"type":"binary-expr","locations":[{"start":{"line":147,"column":42},"end":{"line":147,"column":73},"skip":true},{"start":{"line":147,"column":77},"end":{"line":156,"column":9},"skip":true}]},"15":{"line":158,"type":"binary-expr","locations":[{"start":{"line":158,"column":45},"end":{"line":158,"column":79},"skip":true},{"start":{"line":158,"column":83},"end":{"line":167,"column":9},"skip":true}]},"16":{"line":169,"type":"binary-expr","locations":[{"start":{"line":169,"column":43},"end":{"line":169,"column":75},"skip":true},{"start":{"line":169,"column":79},"end":{"line":178,"column":9},"skip":true}]},"17":{"line":180,"type":"binary-expr","locations":[{"start":{"line":180,"column":41},"end":{"line":180,"column":71},"skip":true},{"start":{"line":180,"column":75},"end":{"line":189,"column":9},"skip":true}]}},"code":["/* istanbul instrument in package npmtest_liquid_node */","/*jslint","    bitwise: true,","    browser: true,","    maxerr: 8,","    maxlen: 96,","    node: true,","    nomen: true,","    regexp: true,","    stupid: true","*/","(function () {","    'use strict';","    var local;","","","","    // run shared js-env code - pre-init","    (function () {","        // init local","        local = {};","        // init modeJs","        local.modeJs = (function () {","            try {","                return typeof navigator.userAgent === 'string' &&","                    typeof document.querySelector('body') === 'object' &&","                    typeof XMLHttpRequest.prototype.open === 'function' &&","                    'browser';","            } catch (errorCaughtBrowser) {","                return module.exports &&","                    typeof process.versions.node === 'string' &&","                    typeof require('http').createServer === 'function' &&","                    'node';","            }","        }());","        // init global","        local.global = local.modeJs === 'browser'","            ? window","            : global;","        switch (local.modeJs) {","        // re-init local from window.local","        case 'browser':","            local = local.global.utility2.objectSetDefault(","                local.global.utility2_rollup || local.global.local,","                local.global.utility2","            );","            break;","        // re-init local from example.js","        case 'node':","            local = (local.global.utility2_rollup || require('utility2'))","                .requireReadme();","            break;","        }","        // export local","        local.global.local = local;","    }());","","","","    // run shared js-env code - function","    (function () {","        return;","    }());","    switch (local.modeJs) {","","","","    // run browser js-env code - function","    case 'browser':","        break;","","","","    // run node js-env code - function","    case 'node':","        break;","    }","","","","    // run shared js-env code - post-init","    (function () {","        return;","    }());","    switch (local.modeJs) {","","","","    // run browser js-env code - post-init","    case 'browser':","        local.testCase_browser_nullCase = local.testCase_browser_nullCase || function (","            options,","            onError","        ) {","        /*","         * this function will test browsers's null-case handling-behavior-behavior","         */","            onError(null, options);","        };","","        // run tests","        local.nop(local.modeTest &&","            document.querySelector('#testRunButton1') &&","            document.querySelector('#testRunButton1').click());","        break;","","","","    // run node js-env code - post-init","    /* istanbul ignore next */","    case 'node':","        local.testCase_buildApidoc_default = local.testCase_buildApidoc_default || function (","            options,","            onError","        ) {","        /*","         * this function will test buildApidoc's default handling-behavior-behavior","         */","            options = { modulePathList: module.paths };","            local.buildApidoc(options, onError);","        };","","        local.testCase_buildApp_default = local.testCase_buildApp_default || function (","            options,","            onError","        ) {","        /*","         * this function will test buildApp's default handling-behavior-behavior","         */","            local.testCase_buildReadme_default(options, local.onErrorThrow);","            local.testCase_buildLib_default(options, local.onErrorThrow);","            local.testCase_buildTest_default(options, local.onErrorThrow);","            local.testCase_buildCustomOrg_default(options, local.onErrorThrow);","            options = [];","            local.buildApp(options, onError);","        };","","        local.testCase_buildCustomOrg_default = local.testCase_buildCustomOrg_default ||","            function (options, onError) {","            /*","             * this function will test buildCustomOrg's default handling-behavior","             */","                options = {};","                local.buildCustomOrg(options, onError);","            };","","        local.testCase_buildLib_default = local.testCase_buildLib_default || function (","            options,","            onError","        ) {","        /*","         * this function will test buildLib's default handling-behavior","         */","            options = {};","            local.buildLib(options, onError);","        };","","        local.testCase_buildReadme_default = local.testCase_buildReadme_default || function (","            options,","            onError","        ) {","        /*","         * this function will test buildReadme's default handling-behavior-behavior","         */","            options = {};","            local.buildReadme(options, onError);","        };","","        local.testCase_buildTest_default = local.testCase_buildTest_default || function (","            options,","            onError","        ) {","        /*","         * this function will test buildTest's default handling-behavior","         */","            options = {};","            local.buildTest(options, onError);","        };","","        local.testCase_webpage_default = local.testCase_webpage_default || function (","            options,","            onError","        ) {","        /*","         * this function will test webpage's default handling-behavior","         */","            options = { modeCoverageMerge: true, url: local.serverLocalHost + '?modeTest=1' };","            local.browserTest(options, onError);","        };","","        // run test-server","        local.testRunServer(local);","        break;","    }","}());",""],"l":{"12":2,"14":2,"19":2,"21":2,"23":2,"24":2,"25":2,"30":1,"37":2,"40":2,"43":1,"47":1,"50":1,"52":1,"55":2,"61":2,"62":2,"64":2,"70":1,"76":1,"82":2,"83":2,"85":2,"91":1,"98":1,"102":1,"105":1,"112":1,"119":1,"120":1,"123":1,"130":1,"131":1,"132":1,"133":1,"134":1,"135":1,"138":1,"143":2,"144":2,"147":1,"154":2,"155":2,"158":1,"165":2,"166":2,"169":1,"176":2,"177":2,"180":1,"187":1,"188":1,"192":1,"193":1}},"/home/travis/build/npmtest/node-npmtest-liquid-node/lib.npmtest_liquid_node.js":{"path":"/home/travis/build/npmtest/node-npmtest-liquid-node/lib.npmtest_liquid_node.js","s":{"1":2,"2":2,"3":2,"4":2,"5":2,"6":2,"7":2,"8":1,"9":2,"10":2,"11":2,"12":2,"13":1,"14":1,"15":1,"16":1},"b":{"1":[2,1,1,1],"2":[1,1,1,1],"3":[1,1],"4":[2,2],"5":[1,1]},"f":{"1":2,"2":2,"3":2},"fnMap":{"1":{"name":"(anonymous_1)","line":12,"loc":{"start":{"line":12,"column":1},"end":{"line":12,"column":13}}},"2":{"name":"(anonymous_2)","line":19,"loc":{"start":{"line":19,"column":5},"end":{"line":19,"column":17}}},"3":{"name":"(anonymous_3)","line":23,"loc":{"start":{"line":23,"column":24},"end":{"line":23,"column":36}}}},"statementMap":{"1":{"start":{"line":12,"column":0},"end":{"line":53,"column":5}},"2":{"start":{"line":14,"column":4},"end":{"line":14,"column":14}},"3":{"start":{"line":19,"column":4},"end":{"line":52,"column":9}},"4":{"start":{"line":21,"column":8},"end":{"line":21,"column":19}},"5":{"start":{"line":23,"column":8},"end":{"line":35,"column":13}},"6":{"start":{"line":24,"column":12},"end":{"line":34,"column":13}},"7":{"start":{"line":25,"column":16},"end":{"line":28,"column":30}},"8":{"start":{"line":30,"column":16},"end":{"line":33,"column":27}},"9":{"start":{"line":37,"column":8},"end":{"line":39,"column":21}},"10":{"start":{"line":41,"column":8},"end":{"line":41,"column":54}},"11":{"start":{"line":43,"column":8},"end":{"line":43,"column":56}},"12":{"start":{"line":45,"column":8},"end":{"line":51,"column":9}},"13":{"start":{"line":46,"column":12},"end":{"line":46,"column":62}},"14":{"start":{"line":48,"column":12},"end":{"line":48,"column":35}},"15":{"start":{"line":49,"column":12},"end":{"line":49,"column":49}},"16":{"start":{"line":50,"column":12},"end":{"line":50,"column":43}}},"branchMap":{"1":{"line":25,"type":"binary-expr","locations":[{"start":{"line":25,"column":23},"end":{"line":25,"column":62}},{"start":{"line":26,"column":20},"end":{"line":26,"column":70}},{"start":{"line":27,"column":20},"end":{"line":27,"column":71}},{"start":{"line":28,"column":20},"end":{"line":28,"column":29}}]},"2":{"line":30,"type":"binary-expr","locations":[{"start":{"line":30,"column":23},"end":{"line":30,"column":37}},{"start":{"line":31,"column":20},"end":{"line":31,"column":61}},{"start":{"line":32,"column":20},"end":{"line":32,"column":70}},{"start":{"line":33,"column":20},"end":{"line":33,"column":26}}]},"3":{"line":37,"type":"cond-expr","locations":[{"start":{"line":38,"column":14},"end":{"line":38,"column":20}},{"start":{"line":39,"column":14},"end":{"line":39,"column":20}}]},"4":{"line":41,"type":"binary-expr","locations":[{"start":{"line":41,"column":16},"end":{"line":41,"column":44}},{"start":{"line":41,"column":48},"end":{"line":41,"column":53}}]},"5":{"line":45,"type":"if","locations":[{"start":{"line":45,"column":8},"end":{"line":45,"column":8}},{"start":{"line":45,"column":8},"end":{"line":45,"column":8}}]}},"code":["/* istanbul instrument in package npmtest_liquid_node */","/*jslint","    bitwise: true,","    browser: true,","    maxerr: 8,","    maxlen: 96,","    node: true,","    nomen: true,","    regexp: true,","    stupid: true","*/","(function () {","    'use strict';","    var local;","","","","    // run shared js-env code - pre-init","    (function () {","        // init local","        local = {};","        // init modeJs","        local.modeJs = (function () {","            try {","                return typeof navigator.userAgent === 'string' &&","                    typeof document.querySelector('body') === 'object' &&","                    typeof XMLHttpRequest.prototype.open === 'function' &&","                    'browser';","            } catch (errorCaughtBrowser) {","                return module.exports &&","                    typeof process.versions.node === 'string' &&","                    typeof require('http').createServer === 'function' &&","                    'node';","            }","        }());","        // init global","        local.global = local.modeJs === 'browser'","            ? window","            : global;","        // init utility2_rollup","        local = local.global.utility2_rollup || local;","        // init lib","        local.local = local.npmtest_liquid_node = local;","        // init exports","        if (local.modeJs === 'browser') {","            local.global.utility2_npmtest_liquid_node = local;","        } else {","            module.exports = local;","            module.exports.__dirname = __dirname;","            module.exports.module = module;","        }","    }());","}());",""],"l":{"12":2,"14":2,"19":2,"21":2,"23":2,"24":2,"25":2,"30":1,"37":2,"41":2,"43":2,"45":2,"46":1,"48":1,"49":1,"50":1}},"/home/travis/build/npmtest/node-npmtest-liquid-node/example.js":{"path":"/home/travis/build/npmtest/node-npmtest-liquid-node/example.js","s":{"1":2,"2":2,"3":2,"4":2,"5":2,"6":2,"7":2,"8":1,"9":2,"10":2,"11":2,"12":2,"13":1,"14":2,"15":2,"16":2,"17":2,"18":2,"19":0,"20":2,"21":1,"22":1,"23":1,"24":1,"25":1,"26":0,"27":0,"28":1,"29":1,"30":2,"31":0,"32":0,"33":0,"34":1,"35":2,"36":2,"37":3,"38":3,"39":3,"40":3,"41":0,"42":3,"43":3,"44":3,"45":1,"46":3,"47":1,"48":1,"49":1,"50":1,"51":1,"52":1,"53":1,"54":1,"55":1,"56":1,"57":0,"58":1,"59":6,"60":6,"61":1,"62":2,"63":0,"64":2,"65":1,"66":1,"67":0,"68":0,"69":0,"70":0,"71":0,"72":0,"73":0,"74":0,"75":0,"76":0,"77":0,"78":0,"79":0,"80":0,"81":0,"82":0,"83":0},"b":{"1":[2,1,1,1],"2":[1,1,1,1],"3":[1,1],"4":[2,2],"5":[1,1],"6":[1,1],"7":[2,0],"8":[2,1,1,1,1,1],"9":[0,2,0],"10":[1,1],"11":[2,1,1],"12":[1,0],"13":[0,2],"14":[2,0,0,0,0,0,0],"15":[0,3],"16":[3,0],"17":[1,1],"18":[0,1],"19":[1,2,0,2],"20":[1,0],"21":[1,1],"22":[0,0],"23":[0,0],"24":[0,0],"25":[0,0],"26":[0,0],"27":[0,0],"28":[0,0]},"f":{"1":2,"2":2,"3":2,"4":2,"5":2,"6":2,"7":3,"8":3,"9":3,"10":1,"11":6,"12":0},"fnMap":{"1":{"name":"(anonymous_1)","line":26,"loc":{"start":{"line":26,"column":1},"end":{"line":26,"column":13}}},"2":{"name":"(anonymous_2)","line":33,"loc":{"start":{"line":33,"column":5},"end":{"line":33,"column":17}}},"3":{"name":"(anonymous_3)","line":37,"loc":{"start":{"line":37,"column":24},"end":{"line":37,"column":36}}},"4":{"name":"(anonymous_4)","line":69,"loc":{"start":{"line":69,"column":31},"end":{"line":69,"column":48}},"skip":true},"5":{"name":"(anonymous_5)","line":78,"loc":{"start":{"line":78,"column":26},"end":{"line":78,"column":45}},"skip":true},"6":{"name":"(anonymous_6)","line":123,"loc":{"start":{"line":123,"column":33},"end":{"line":123,"column":48}},"skip":true},"7":{"name":"(anonymous_7)","line":125,"loc":{"start":{"line":125,"column":27},"end":{"line":125,"column":39}},"skip":true},"8":{"name":"(anonymous_8)","line":133,"loc":{"start":{"line":133,"column":59},"end":{"line":133,"column":74}},"skip":true},"9":{"name":"(anonymous_9)","line":143,"loc":{"start":{"line":143,"column":45},"end":{"line":143,"column":62}},"skip":true},"10":{"name":"(anonymous_10)","line":144,"loc":{"start":{"line":144,"column":73},"end":{"line":144,"column":92}},"skip":true},"11":{"name":"(anonymous_11)","line":272,"loc":{"start":{"line":272,"column":51},"end":{"line":272,"column":77}},"skip":true},"12":{"name":"(anonymous_12)","line":315,"loc":{"start":{"line":315,"column":32},"end":{"line":315,"column":61}},"skip":true}},"statementMap":{"1":{"start":{"line":26,"column":0},"end":{"line":326,"column":5}},"2":{"start":{"line":28,"column":4},"end":{"line":28,"column":14}},"3":{"start":{"line":33,"column":4},"end":{"line":60,"column":9}},"4":{"start":{"line":35,"column":8},"end":{"line":35,"column":19}},"5":{"start":{"line":37,"column":8},"end":{"line":49,"column":13}},"6":{"start":{"line":38,"column":12},"end":{"line":48,"column":13}},"7":{"start":{"line":39,"column":16},"end":{"line":42,"column":30}},"8":{"start":{"line":44,"column":16},"end":{"line":47,"column":27}},"9":{"start":{"line":51,"column":8},"end":{"line":53,"column":21}},"10":{"start":{"line":55,"column":8},"end":{"line":57,"column":45}},"11":{"start":{"line":59,"column":8},"end":{"line":59,"column":35}},"12":{"start":{"line":61,"column":4},"end":{"line":325,"column":5}},"13":{"start":{"line":69,"column":8},"end":{"line":121,"column":10},"skip":true},"14":{"start":{"line":70,"column":12},"end":{"line":88,"column":13},"skip":true},"15":{"start":{"line":76,"column":16},"end":{"line":87,"column":19},"skip":true},"16":{"start":{"line":79,"column":20},"end":{"line":86,"column":21},"skip":true},"17":{"start":{"line":82,"column":24},"end":{"line":82,"column":43},"skip":true},"18":{"start":{"line":83,"column":24},"end":{"line":83,"column":30},"skip":true},"19":{"start":{"line":85,"column":24},"end":{"line":85,"column":49},"skip":true},"20":{"start":{"line":89,"column":12},"end":{"line":107,"column":13},"skip":true},"21":{"start":{"line":92,"column":16},"end":{"line":102,"column":17},"skip":true},"22":{"start":{"line":93,"column":20},"end":{"line":93,"column":86},"skip":true},"23":{"start":{"line":94,"column":20},"end":{"line":95,"column":45},"skip":true},"24":{"start":{"line":96,"column":20},"end":{"line":96,"column":42},"skip":true},"25":{"start":{"line":97,"column":20},"end":{"line":97,"column":48},"skip":true},"26":{"start":{"line":100,"column":20},"end":{"line":100,"column":85},"skip":true},"27":{"start":{"line":101,"column":20},"end":{"line":101,"column":96},"skip":true},"28":{"start":{"line":103,"column":16},"end":{"line":103,"column":22},"skip":true},"29":{"start":{"line":106,"column":16},"end":{"line":106,"column":22},"skip":true},"30":{"start":{"line":108,"column":12},"end":{"line":120,"column":13},"skip":true},"31":{"start":{"line":114,"column":16},"end":{"line":119,"column":17},"skip":true},"32":{"start":{"line":116,"column":20},"end":{"line":116,"column":78},"skip":true},"33":{"start":{"line":118,"column":20},"end":{"line":118,"column":47},"skip":true},"34":{"start":{"line":123,"column":8},"end":{"line":141,"column":11},"skip":true},"35":{"start":{"line":124,"column":12},"end":{"line":124,"column":54},"skip":true},"36":{"start":{"line":125,"column":12},"end":{"line":140,"column":14},"skip":true},"37":{"start":{"line":126,"column":16},"end":{"line":126,"column":28},"skip":true},"38":{"start":{"line":127,"column":16},"end":{"line":127,"column":69},"skip":true},"39":{"start":{"line":128,"column":16},"end":{"line":128,"column":75},"skip":true},"40":{"start":{"line":129,"column":16},"end":{"line":131,"column":17},"skip":true},"41":{"start":{"line":130,"column":20},"end":{"line":130,"column":27},"skip":true},"42":{"start":{"line":133,"column":16},"end":{"line":137,"column":36},"skip":true},"43":{"start":{"line":134,"column":20},"end":{"line":136,"column":55},"skip":true},"44":{"start":{"line":139,"column":16},"end":{"line":139,"column":57},"skip":true},"45":{"start":{"line":143,"column":8},"end":{"line":147,"column":11},"skip":true},"46":{"start":{"line":144,"column":12},"end":{"line":146,"column":15},"skip":true},"47":{"start":{"line":145,"column":16},"end":{"line":145,"column":70},"skip":true},"48":{"start":{"line":149,"column":8},"end":{"line":149,"column":31},"skip":true},"49":{"start":{"line":150,"column":8},"end":{"line":150,"column":14},"skip":true},"50":{"start":{"line":158,"column":8},"end":{"line":158,"column":31},"skip":true},"51":{"start":{"line":160,"column":8},"end":{"line":160,"column":33},"skip":true},"52":{"start":{"line":161,"column":8},"end":{"line":161,"column":37},"skip":true},"53":{"start":{"line":162,"column":8},"end":{"line":162,"column":35},"skip":true},"54":{"start":{"line":164,"column":8},"end":{"line":164,"column":50},"skip":true},"55":{"start":{"line":166,"column":8},"end":{"line":256,"column":2},"skip":true},"56":{"start":{"line":258,"column":8},"end":{"line":286,"column":9},"skip":true},"57":{"start":{"line":259,"column":12},"end":{"line":269,"column":14},"skip":true},"58":{"start":{"line":271,"column":12},"end":{"line":285,"column":19},"skip":true},"59":{"start":{"line":274,"column":20},"end":{"line":274,"column":35},"skip":true},"60":{"start":{"line":275,"column":20},"end":{"line":284,"column":21},"skip":true},"61":{"start":{"line":277,"column":24},"end":{"line":277,"column":64},"skip":true},"62":{"start":{"line":279,"column":24},"end":{"line":279,"column":40},"skip":true},"63":{"start":{"line":281,"column":24},"end":{"line":281,"column":40},"skip":true},"64":{"start":{"line":283,"column":24},"end":{"line":283,"column":39},"skip":true},"65":{"start":{"line":288,"column":8},"end":{"line":290,"column":9},"skip":true},"66":{"start":{"line":289,"column":12},"end":{"line":289,"column":18},"skip":true},"67":{"start":{"line":291,"column":8},"end":{"line":293,"column":54},"skip":true},"68":{"start":{"line":296,"column":8},"end":{"line":301,"column":37},"skip":true},"69":{"start":{"line":303,"column":8},"end":{"line":303,"column":82},"skip":true},"70":{"start":{"line":306,"column":8},"end":{"line":308,"column":9},"skip":true},"71":{"start":{"line":307,"column":12},"end":{"line":307,"column":82},"skip":true},"72":{"start":{"line":310,"column":8},"end":{"line":312,"column":9},"skip":true},"73":{"start":{"line":311,"column":12},"end":{"line":311,"column":18},"skip":true},"74":{"start":{"line":313,"column":8},"end":{"line":313,"column":54},"skip":true},"75":{"start":{"line":314,"column":8},"end":{"line":314,"column":69},"skip":true},"76":{"start":{"line":315,"column":8},"end":{"line":323,"column":36},"skip":true},"77":{"start":{"line":316,"column":12},"end":{"line":316,"column":61},"skip":true},"78":{"start":{"line":317,"column":12},"end":{"line":320,"column":13},"skip":true},"79":{"start":{"line":318,"column":16},"end":{"line":318,"column":75},"skip":true},"80":{"start":{"line":319,"column":16},"end":{"line":319,"column":23},"skip":true},"81":{"start":{"line":321,"column":12},"end":{"line":321,"column":38},"skip":true},"82":{"start":{"line":322,"column":12},"end":{"line":322,"column":27},"skip":true},"83":{"start":{"line":324,"column":8},"end":{"line":324,"column":14},"skip":true}},"branchMap":{"1":{"line":39,"type":"binary-expr","locations":[{"start":{"line":39,"column":23},"end":{"line":39,"column":62}},{"start":{"line":40,"column":20},"end":{"line":40,"column":70}},{"start":{"line":41,"column":20},"end":{"line":41,"column":71}},{"start":{"line":42,"column":20},"end":{"line":42,"column":29}}]},"2":{"line":44,"type":"binary-expr","locations":[{"start":{"line":44,"column":23},"end":{"line":44,"column":37}},{"start":{"line":45,"column":20},"end":{"line":45,"column":61}},{"start":{"line":46,"column":20},"end":{"line":46,"column":70}},{"start":{"line":47,"column":20},"end":{"line":47,"column":26}}]},"3":{"line":51,"type":"cond-expr","locations":[{"start":{"line":52,"column":14},"end":{"line":52,"column":20}},{"start":{"line":53,"column":14},"end":{"line":53,"column":20}}]},"4":{"line":55,"type":"binary-expr","locations":[{"start":{"line":55,"column":16},"end":{"line":55,"column":44}},{"start":{"line":55,"column":49},"end":{"line":57,"column":43}}]},"5":{"line":55,"type":"cond-expr","locations":[{"start":{"line":56,"column":14},"end":{"line":56,"column":55}},{"start":{"line":57,"column":14},"end":{"line":57,"column":43}}]},"6":{"line":61,"type":"switch","locations":[{"start":{"line":68,"column":4},"end":{"line":150,"column":14},"skip":true},{"start":{"line":156,"column":4},"end":{"line":324,"column":14},"skip":true}]},"7":{"line":70,"type":"if","locations":[{"start":{"line":70,"column":12},"end":{"line":70,"column":12},"skip":true},{"start":{"line":70,"column":12},"end":{"line":70,"column":12},"skip":true}]},"8":{"line":70,"type":"binary-expr","locations":[{"start":{"line":70,"column":16},"end":{"line":70,"column":22},"skip":true},{"start":{"line":70,"column":27},"end":{"line":70,"column":32},"skip":true},{"start":{"line":71,"column":20},"end":{"line":71,"column":39},"skip":true},{"start":{"line":72,"column":20},"end":{"line":72,"column":49},"skip":true},{"start":{"line":73,"column":20},"end":{"line":73,"column":58},"skip":true},{"start":{"line":74,"column":20},"end":{"line":74,"column":69},"skip":true}]},"9":{"line":79,"type":"switch","locations":[{"start":{"line":80,"column":20},"end":{"line":80,"column":33},"skip":true},{"start":{"line":81,"column":20},"end":{"line":83,"column":30},"skip":true},{"start":{"line":84,"column":20},"end":{"line":85,"column":49},"skip":true}]},"10":{"line":89,"type":"switch","locations":[{"start":{"line":90,"column":12},"end":{"line":103,"column":22},"skip":true},{"start":{"line":105,"column":12},"end":{"line":106,"column":22},"skip":true}]},"11":{"line":89,"type":"binary-expr","locations":[{"start":{"line":89,"column":20},"end":{"line":89,"column":25},"skip":true},{"start":{"line":89,"column":29},"end":{"line":89,"column":48},"skip":true},{"start":{"line":89,"column":52},"end":{"line":89,"column":74},"skip":true}]},"12":{"line":92,"type":"if","locations":[{"start":{"line":92,"column":16},"end":{"line":92,"column":16},"skip":true},{"start":{"line":92,"column":16},"end":{"line":92,"column":16},"skip":true}]},"13":{"line":108,"type":"if","locations":[{"start":{"line":108,"column":12},"end":{"line":108,"column":12},"skip":true},{"start":{"line":108,"column":12},"end":{"line":108,"column":12},"skip":true}]},"14":{"line":108,"type":"binary-expr","locations":[{"start":{"line":108,"column":16},"end":{"line":108,"column":61},"skip":true},{"start":{"line":108,"column":66},"end":{"line":108,"column":72},"skip":true},{"start":{"line":108,"column":77},"end":{"line":108,"column":82},"skip":true},{"start":{"line":109,"column":20},"end":{"line":109,"column":39},"skip":true},{"start":{"line":110,"column":20},"end":{"line":110,"column":49},"skip":true},{"start":{"line":111,"column":20},"end":{"line":111,"column":58},"skip":true},{"start":{"line":112,"column":20},"end":{"line":112,"column":68},"skip":true}]},"15":{"line":129,"type":"if","locations":[{"start":{"line":129,"column":16},"end":{"line":129,"column":16},"skip":true},{"start":{"line":129,"column":16},"end":{"line":129,"column":16},"skip":true}]},"16":{"line":134,"type":"cond-expr","locations":[{"start":{"line":135,"column":26},"end":{"line":135,"column":29},"skip":true},{"start":{"line":136,"column":26},"end":{"line":136,"column":54},"skip":true}]},"17":{"line":164,"type":"binary-expr","locations":[{"start":{"line":164,"column":27},"end":{"line":164,"column":43},"skip":true},{"start":{"line":164,"column":47},"end":{"line":164,"column":49},"skip":true}]},"18":{"line":258,"type":"if","locations":[{"start":{"line":258,"column":8},"end":{"line":258,"column":8},"skip":true},{"start":{"line":258,"column":8},"end":{"line":258,"column":8},"skip":true}]},"19":{"line":275,"type":"switch","locations":[{"start":{"line":276,"column":20},"end":{"line":277,"column":64},"skip":true},{"start":{"line":278,"column":20},"end":{"line":279,"column":40},"skip":true},{"start":{"line":280,"column":20},"end":{"line":281,"column":40},"skip":true},{"start":{"line":282,"column":20},"end":{"line":283,"column":39},"skip":true}]},"20":{"line":288,"type":"if","locations":[{"start":{"line":288,"column":8},"end":{"line":288,"column":8},"skip":true},{"start":{"line":288,"column":8},"end":{"line":288,"column":8},"skip":true}]},"21":{"line":288,"type":"binary-expr","locations":[{"start":{"line":288,"column":12},"end":{"line":288,"column":40},"skip":true},{"start":{"line":288,"column":44},"end":{"line":288,"column":67},"skip":true}]},"22":{"line":292,"type":"binary-expr","locations":[{"start":{"line":292,"column":12},"end":{"line":292,"column":50},"skip":true},{"start":{"line":293,"column":12},"end":{"line":293,"column":53},"skip":true}]},"23":{"line":297,"type":"binary-expr","locations":[{"start":{"line":297,"column":12},"end":{"line":297,"column":69},"skip":true},{"start":{"line":298,"column":12},"end":{"line":301,"column":36},"skip":true}]},"24":{"line":303,"type":"binary-expr","locations":[{"start":{"line":303,"column":43},"end":{"line":303,"column":75},"skip":true},{"start":{"line":303,"column":79},"end":{"line":303,"column":81},"skip":true}]},"25":{"line":306,"type":"if","locations":[{"start":{"line":306,"column":8},"end":{"line":306,"column":8},"skip":true},{"start":{"line":306,"column":8},"end":{"line":306,"column":8},"skip":true}]},"26":{"line":310,"type":"if","locations":[{"start":{"line":310,"column":8},"end":{"line":310,"column":8},"skip":true},{"start":{"line":310,"column":8},"end":{"line":310,"column":8},"skip":true}]},"27":{"line":313,"type":"binary-expr","locations":[{"start":{"line":313,"column":27},"end":{"line":313,"column":43},"skip":true},{"start":{"line":313,"column":47},"end":{"line":313,"column":53},"skip":true}]},"28":{"line":317,"type":"if","locations":[{"start":{"line":317,"column":12},"end":{"line":317,"column":12},"skip":true},{"start":{"line":317,"column":12},"end":{"line":317,"column":12},"skip":true}]}},"code":["/*","example.js","","quickstart example","","instruction","    1. save this script as example.js","    2. run the shell command:","        $ npm install npmtest-liquid-node && PORT=8081 node example.js","    3. play with the browser-demo on http://127.0.0.1:8081","*/","","","","/* istanbul instrument in package npmtest_liquid_node */","/*jslint","    bitwise: true,","    browser: true,","    maxerr: 8,","    maxlen: 96,","    node: true,","    nomen: true,","    regexp: true,","    stupid: true","*/","(function () {","    'use strict';","    var local;","","","","    // run shared js-env code - pre-init","    (function () {","        // init local","        local = {};","        // init modeJs","        local.modeJs = (function () {","            try {","                return typeof navigator.userAgent === 'string' &&","                    typeof document.querySelector('body') === 'object' &&","                    typeof XMLHttpRequest.prototype.open === 'function' &&","                    'browser';","            } catch (errorCaughtBrowser) {","                return module.exports &&","                    typeof process.versions.node === 'string' &&","                    typeof require('http').createServer === 'function' &&","                    'node';","            }","        }());","        // init global","        local.global = local.modeJs === 'browser'","            ? window","            : global;","        // init utility2_rollup","        local = local.global.utility2_rollup || (local.modeJs === 'browser'","            ? local.global.utility2_npmtest_liquid_node","            : global.utility2_moduleExports);","        // export local","        local.global.local = local;","    }());","    switch (local.modeJs) {","","","","    // post-init","    // run browser js-env code - post-init","    /* istanbul ignore next */","    case 'browser':","        local.testRunBrowser = function (event) {","            if (!event || (event &&","                    event.currentTarget &&","                    event.currentTarget.className &&","                    event.currentTarget.className.includes &&","                    event.currentTarget.className.includes('onreset'))) {","                // reset output","                Array.from(","                    document.querySelectorAll('body > .resettable')","                ).forEach(function (element) {","                    switch (element.tagName) {","                    case 'INPUT':","                    case 'TEXTAREA':","                        element.value = '';","                        break;","                    default:","                        element.textContent = '';","                    }","                });","            }","            switch (event && event.currentTarget && event.currentTarget.id) {","            case 'testRunButton1':","                // show tests","                if (document.querySelector('#testReportDiv1').style.display === 'none') {","                    document.querySelector('#testReportDiv1').style.display = 'block';","                    document.querySelector('#testRunButton1').textContent =","                        'hide internal test';","                    local.modeTest = true;","                    local.testRunDefault(local);","                // hide tests","                } else {","                    document.querySelector('#testReportDiv1').style.display = 'none';","                    document.querySelector('#testRunButton1').textContent = 'run internal test';","                }","                break;","            // custom-case","            default:","                break;","            }","            if (document.querySelector('#inputTextareaEval1') && (!event || (event &&","                    event.currentTarget &&","                    event.currentTarget.className &&","                    event.currentTarget.className.includes &&","                    event.currentTarget.className.includes('oneval')))) {","                // try to eval input-code","                try {","                    /*jslint evil: true*/","                    eval(document.querySelector('#inputTextareaEval1').value);","                } catch (errorCaught) {","                    console.error(errorCaught);","                }","            }","        };","        // log stderr and stdout to #outputTextareaStdout1","        ['error', 'log'].forEach(function (key) {","            console[key + '_original'] = console[key];","            console[key] = function () {","                var element;","                console[key + '_original'].apply(console, arguments);","                element = document.querySelector('#outputTextareaStdout1');","                if (!element) {","                    return;","                }","                // append text to #outputTextareaStdout1","                element.value += Array.from(arguments).map(function (arg) {","                    return typeof arg === 'string'","                        ? arg","                        : JSON.stringify(arg, null, 4);","                }).join(' ') + '\\n';","                // scroll textarea to bottom","                element.scrollTop = element.scrollHeight;","            };","        });","        // init event-handling","        ['change', 'click', 'keyup'].forEach(function (event) {","            Array.from(document.querySelectorAll('.on' + event)).forEach(function (element) {","                element.addEventListener(event, local.testRunBrowser);","            });","        });","        // run tests","        local.testRunBrowser();","        break;","","","","    // run node js-env code - post-init","    /* istanbul ignore next */","    case 'node':","        // export local","        module.exports = local;","        // require modules","        local.fs = require('fs');","        local.http = require('http');","        local.url = require('url');","        // init assets","        local.assetsDict = local.assetsDict || {};","        /* jslint-ignore-begin */","        local.assetsDict['/assets.index.template.html'] = '\\","<!doctype html>\\n\\","<html lang=\"en\">\\n\\","<head>\\n\\","<meta charset=\"UTF-8\">\\n\\","<meta name=\"viewport\" content=\"width=device-width, initial-scale=1\">\\n\\","<title>{{env.npm_package_name}} (v{{env.npm_package_version}})</title>\\n\\","<style>\\n\\","/*csslint\\n\\","    box-sizing: false,\\n\\","    universal-selector: false\\n\\","*/\\n\\","* {\\n\\","    box-sizing: border-box;\\n\\","}\\n\\","body {\\n\\","    background: #dde;\\n\\","    font-family: Arial, Helvetica, sans-serif;\\n\\","    margin: 2rem;\\n\\","}\\n\\","body > * {\\n\\","    margin-bottom: 1rem;\\n\\","}\\n\\",".utility2FooterDiv {\\n\\","    margin-top: 20px;\\n\\","    text-align: center;\\n\\","}\\n\\","</style>\\n\\","<style>\\n\\","/*csslint\\n\\","*/\\n\\","textarea {\\n\\","    font-family: monospace;\\n\\","    height: 10rem;\\n\\","    width: 100%;\\n\\","}\\n\\","textarea[readonly] {\\n\\","    background: #ddd;\\n\\","}\\n\\","</style>\\n\\","</head>\\n\\","<body>\\n\\","<!-- utility2-comment\\n\\","<div id=\"ajaxProgressDiv1\" style=\"background: #d00; height: 2px; left: 0; margin: 0; padding: 0; position: fixed; top: 0; transition: background 0.5s, width 1.5s; width: 25%;\"></div>\\n\\","utility2-comment -->\\n\\","<h1>\\n\\","<!-- utility2-comment\\n\\","    <a\\n\\","        {{#if env.npm_package_homepage}}\\n\\","        href=\"{{env.npm_package_homepage}}\"\\n\\","        {{/if env.npm_package_homepage}}\\n\\","        target=\"_blank\"\\n\\","    >\\n\\","utility2-comment -->\\n\\","        {{env.npm_package_name}} (v{{env.npm_package_version}})\\n\\","<!-- utility2-comment\\n\\","    </a>\\n\\","utility2-comment -->\\n\\","</h1>\\n\\","<h3>{{env.npm_package_description}}</h3>\\n\\","<!-- utility2-comment\\n\\","<h4><a download href=\"assets.app.js\">download standalone app</a></h4>\\n\\","<button class=\"onclick onreset\" id=\"testRunButton1\">run internal test</button><br>\\n\\","<div id=\"testReportDiv1\" style=\"display: none;\"></div>\\n\\","utility2-comment -->\\n\\","\\n\\","\\n\\","\\n\\","<label>stderr and stdout</label>\\n\\","<textarea class=\"resettable\" id=\"outputTextareaStdout1\" readonly></textarea>\\n\\","<!-- utility2-comment\\n\\","{{#if isRollup}}\\n\\","<script src=\"assets.app.js\"></script>\\n\\","{{#unless isRollup}}\\n\\","utility2-comment -->\\n\\","<script src=\"assets.utility2.rollup.js\"></script>\\n\\","<script src=\"jsonp.utility2._stateInit?callback=window.utility2._stateInit\"></script>\\n\\","<script src=\"assets.npmtest_liquid_node.rollup.js\"></script>\\n\\","<script src=\"assets.example.js\"></script>\\n\\","<script src=\"assets.test.js\"></script>\\n\\","<!-- utility2-comment\\n\\","{{/if isRollup}}\\n\\","utility2-comment -->\\n\\","<div class=\"utility2FooterDiv\">\\n\\","    [ this app was created with\\n\\","    <a href=\"https://github.com/kaizhu256/node-utility2\" target=\"_blank\">utility2</a>\\n\\","    ]\\n\\","</div>\\n\\","</body>\\n\\","</html>\\n\\","';","        /* jslint-ignore-end */","        if (local.templateRender) {","            local.assetsDict['/'] = local.templateRender(","                local.assetsDict['/assets.index.template.html'],","                {","                    env: local.objectSetDefault(local.env, {","                        npm_package_description: 'the greatest app in the world!',","                        npm_package_name: 'my-app',","                        npm_package_nameAlias: 'my_app',","                        npm_package_version: '0.0.1'","                    })","                }","            );","        } else {","            local.assetsDict['/'] = local.assetsDict['/assets.index.template.html']","                .replace((/\\{\\{env\\.(\\w+?)\\}\\}/g), function (match0, match1) {","                    // jslint-hack","                    String(match0);","                    switch (match1) {","                    case 'npm_package_description':","                        return 'the greatest app in the world!';","                    case 'npm_package_name':","                        return 'my-app';","                    case 'npm_package_nameAlias':","                        return 'my_app';","                    case 'npm_package_version':","                        return '0.0.1';","                    }","                });","        }","        // run the cli","        if (local.global.utility2_rollup || module !== require.main) {","            break;","        }","        local.assetsDict['/assets.example.js'] =","            local.assetsDict['/assets.example.js'] ||","            local.fs.readFileSync(__filename, 'utf8');","        // bug-workaround - long $npm_package_buildCustomOrg","        /* jslint-ignore-begin */","        local.assetsDict['/assets.npmtest_liquid_node.rollup.js'] =","            local.assetsDict['/assets.npmtest_liquid_node.rollup.js'] ||","            local.fs.readFileSync(","                local.npmtest_liquid_node.__dirname + '/lib.npmtest_liquid_node.js',","                'utf8'","            ).replace((/^#!/), '//');","        /* jslint-ignore-end */","        local.assetsDict['/favicon.ico'] = local.assetsDict['/favicon.ico'] || '';","        // if $npm_config_timeout_exit exists,","        // then exit this process after $npm_config_timeout_exit ms","        if (Number(process.env.npm_config_timeout_exit)) {","            setTimeout(process.exit, Number(process.env.npm_config_timeout_exit));","        }","        // start server","        if (local.global.utility2_serverHttp1) {","            break;","        }","        process.env.PORT = process.env.PORT || '8081';","        console.error('server starting on port ' + process.env.PORT);","        local.http.createServer(function (request, response) {","            request.urlParsed = local.url.parse(request.url);","            if (local.assetsDict[request.urlParsed.pathname] !== undefined) {","                response.end(local.assetsDict[request.urlParsed.pathname]);","                return;","            }","            response.statusCode = 404;","            response.end();","        }).listen(process.env.PORT);","        break;","    }","}());",""],"l":{"26":2,"28":2,"33":2,"35":2,"37":2,"38":2,"39":2,"44":1,"51":2,"55":2,"59":2,"61":2,"69":1,"70":2,"76":2,"79":2,"82":2,"83":2,"85":1,"89":2,"92":1,"93":1,"94":1,"96":1,"97":1,"100":1,"101":1,"103":1,"106":1,"108":2,"114":1,"116":1,"118":1,"123":1,"124":2,"125":2,"126":3,"127":3,"128":3,"129":3,"130":1,"133":3,"134":3,"139":3,"143":1,"144":3,"145":1,"149":1,"150":1,"158":1,"160":1,"161":1,"162":1,"164":1,"166":1,"258":1,"259":1,"271":1,"274":6,"275":6,"277":1,"279":2,"281":1,"283":2,"288":1,"289":1,"291":1,"296":1,"303":1,"306":1,"307":1,"310":1,"311":1,"313":1,"314":1,"315":1,"316":1,"317":1,"318":1,"319":1,"321":1,"322":1,"324":1}},"/home/travis/build/npmtest/node-npmtest-liquid-node/node_modules/liquid-node/lib/index.js":{"path":"/home/travis/build/npmtest/node-npmtest-liquid-node/node_modules/liquid-node/lib/index.js","s":{"1":1,"2":1,"3":1,"4":1,"5":1,"6":8,"7":8,"8":1,"9":8,"10":0,"11":0,"12":0,"13":0,"14":8,"15":8,"16":1,"17":1,"18":7,"19":1,"20":1,"21":1,"22":1,"23":1,"24":1,"25":1,"26":1,"27":1,"28":1,"29":1,"30":1,"31":1,"32":1,"33":1,"34":1,"35":1,"36":1,"37":1,"38":1,"39":1,"40":1,"41":1,"42":1,"43":1,"44":1,"45":1,"46":1,"47":1},"b":{"1":[1,7],"2":[0,0]},"f":{"1":1,"2":8,"3":0,"4":7},"fnMap":{"1":{"name":"(anonymous_1)","line":2,"loc":{"start":{"line":2,"column":1},"end":{"line":2,"column":12}}},"2":{"name":"(anonymous_2)","line":9,"loc":{"start":{"line":9,"column":16},"end":{"line":9,"column":40}}},"3":{"name":"(anonymous_3)","line":14,"loc":{"start":{"line":14,"column":12},"end":{"line":14,"column":30}}},"4":{"name":"(anonymous_4)","line":27,"loc":{"start":{"line":27,"column":132},"end":{"line":27,"column":152}}}},"statementMap":{"1":{"start":{"line":2,"column":0},"end":{"line":89,"column":14}},"2":{"start":{"line":3,"column":2},"end":{"line":3,"column":32}},"3":{"start":{"line":5,"column":2},"end":{"line":5,"column":31}},"4":{"start":{"line":7,"column":2},"end":{"line":7,"column":25}},"5":{"start":{"line":9,"column":2},"end":{"line":23,"column":4}},"6":{"start":{"line":10,"column":4},"end":{"line":10,"column":14}},"7":{"start":{"line":11,"column":4},"end":{"line":13,"column":5}},"8":{"start":{"line":12,"column":6},"end":{"line":12,"column":29}},"9":{"start":{"line":14,"column":4},"end":{"line":20,"column":6}},"10":{"start":{"line":15,"column":6},"end":{"line":15,"column":23}},"11":{"start":{"line":16,"column":6},"end":{"line":16,"column":29}},"12":{"start":{"line":17,"column":6},"end":{"line":19,"column":7}},"13":{"start":{"line":18,"column":8},"end":{"line":18,"column":70}},"14":{"start":{"line":21,"column":4},"end":{"line":21,"column":34}},"15":{"start":{"line":22,"column":4},"end":{"line":22,"column":17}},"16":{"start":{"line":25,"column":2},"end":{"line":25,"column":38}},"17":{"start":{"line":27,"column":2},"end":{"line":29,"column":5}},"18":{"start":{"line":28,"column":4},"end":{"line":28,"column":80}},"19":{"start":{"line":31,"column":2},"end":{"line":31,"column":45}},"20":{"start":{"line":33,"column":2},"end":{"line":33,"column":47}},"21":{"start":{"line":35,"column":2},"end":{"line":35,"column":43}},"22":{"start":{"line":37,"column":2},"end":{"line":37,"column":49}},"23":{"start":{"line":39,"column":2},"end":{"line":39,"column":41}},"24":{"start":{"line":41,"column":2},"end":{"line":41,"column":47}},"25":{"start":{"line":43,"column":2},"end":{"line":43,"column":39}},"26":{"start":{"line":45,"column":2},"end":{"line":45,"column":43}},"27":{"start":{"line":47,"column":2},"end":{"line":47,"column":49}},"28":{"start":{"line":49,"column":2},"end":{"line":49,"column":49}},"29":{"start":{"line":51,"column":2},"end":{"line":51,"column":49}},"30":{"start":{"line":53,"column":2},"end":{"line":53,"column":64}},"31":{"start":{"line":55,"column":2},"end":{"line":55,"column":51}},"32":{"start":{"line":57,"column":2},"end":{"line":57,"column":60}},"33":{"start":{"line":59,"column":2},"end":{"line":59,"column":65}},"34":{"start":{"line":61,"column":2},"end":{"line":61,"column":65}},"35":{"start":{"line":63,"column":2},"end":{"line":63,"column":50}},"36":{"start":{"line":65,"column":2},"end":{"line":65,"column":52}},"37":{"start":{"line":67,"column":2},"end":{"line":67,"column":46}},"38":{"start":{"line":69,"column":2},"end":{"line":69,"column":52}},"39":{"start":{"line":71,"column":2},"end":{"line":71,"column":56}},"40":{"start":{"line":73,"column":2},"end":{"line":73,"column":44}},"41":{"start":{"line":75,"column":2},"end":{"line":75,"column":42}},"42":{"start":{"line":77,"column":2},"end":{"line":77,"column":56}},"43":{"start":{"line":79,"column":2},"end":{"line":79,"column":56}},"44":{"start":{"line":81,"column":2},"end":{"line":81,"column":44}},"45":{"start":{"line":83,"column":2},"end":{"line":83,"column":50}},"46":{"start":{"line":85,"column":2},"end":{"line":85,"column":52}},"47":{"start":{"line":87,"column":2},"end":{"line":87,"column":26}}},"branchMap":{"1":{"line":11,"type":"if","locations":[{"start":{"line":11,"column":4},"end":{"line":11,"column":4}},{"start":{"line":11,"column":4},"end":{"line":11,"column":4}}]},"2":{"line":17,"type":"if","locations":[{"start":{"line":17,"column":6},"end":{"line":17,"column":6}},{"start":{"line":17,"column":6},"end":{"line":17,"column":6}}]}},"code":["// Generated by CoffeeScript 1.10.0","(function() {","  var Liquid, customError, util;","","  Liquid = require(\"./liquid\");","","  util = require(\"util\");","","  customError = function(name, inherit) {","    var error;","    if (inherit == null) {","      inherit = global.Error;","    }","    error = function(message) {","      this.name = name;","      this.message = message;","      if (global.Error.captureStackTrace) {","        return global.Error.captureStackTrace(this, arguments.callee);","      }","    };","    util.inherits(error, inherit);","    return error;","  };","","  Liquid.Error = customError(\"Error\");","","  [\"ArgumentError\", \"ContextError\", \"FilterNotFound\", \"FileSystemError\", \"StandardError\", \"StackLevelError\", \"SyntaxError\"].forEach(function(className) {","    return Liquid[className] = customError(\"Liquid.\" + className, Liquid.Error);","  });","","  Liquid.Engine = require(\"./liquid/engine\");","","  Liquid.Helpers = require(\"./liquid/helpers\");","","  Liquid.Range = require(\"./liquid/range\");","","  Liquid.Iterable = require(\"./liquid/iterable\");","","  Liquid.Drop = require(\"./liquid/drop\");","","  Liquid.Context = require(\"./liquid/context\");","","  Liquid.Tag = require(\"./liquid/tag\");","","  Liquid.Block = require(\"./liquid/block\");","","  Liquid.Document = require(\"./liquid/document\");","","  Liquid.Variable = require(\"./liquid/variable\");","","  Liquid.Template = require(\"./liquid/template\");","","  Liquid.StandardFilters = require(\"./liquid/standard_filters\");","","  Liquid.Condition = require(\"./liquid/condition\");","","  Liquid.ElseCondition = require(\"./liquid/else_condition\");","","  Liquid.BlankFileSystem = require(\"./liquid/blank_file_system\");","","  Liquid.LocalFileSystem = require(\"./liquid/local_file_system\");","","  Liquid.Assign = require(\"./liquid/tags/assign\");","","  Liquid.Capture = require(\"./liquid/tags/capture\");","","  Liquid.Case = require(\"./liquid/tags/case\");","","  Liquid.Comment = require(\"./liquid/tags/comment\");","","  Liquid.Decrement = require(\"./liquid/tags/decrement\");","","  Liquid.For = require(\"./liquid/tags/for\");","","  Liquid.If = require(\"./liquid/tags/if\");","","  Liquid.Ifchanged = require(\"./liquid/tags/ifchanged\");","","  Liquid.Increment = require(\"./liquid/tags/increment\");","","  Liquid.Raw = require(\"./liquid/tags/raw\");","","  Liquid.Unless = require(\"./liquid/tags/unless\");","","  Liquid.Include = require(\"./liquid/tags/include\");","","  module.exports = Liquid;","","}).call(this);","","//# sourceMappingURL=index.js.map",""],"l":{"2":1,"3":1,"5":1,"7":1,"9":1,"10":8,"11":8,"12":1,"14":8,"15":0,"16":0,"17":0,"18":0,"21":8,"22":8,"25":1,"27":1,"28":7,"31":1,"33":1,"35":1,"37":1,"39":1,"41":1,"43":1,"45":1,"47":1,"49":1,"51":1,"53":1,"55":1,"57":1,"59":1,"61":1,"63":1,"65":1,"67":1,"69":1,"71":1,"73":1,"75":1,"77":1,"79":1,"81":1,"83":1,"85":1,"87":1}},"/home/travis/build/npmtest/node-npmtest-liquid-node/node_modules/liquid-node/lib/liquid.js":{"path":"/home/travis/build/npmtest/node-npmtest-liquid-node/node_modules/liquid-node/lib/liquid.js","s":{"1":1,"2":1,"3":1,"4":1,"5":1,"6":1,"7":1,"8":1,"9":1,"10":1,"11":1,"12":1,"13":1,"14":1,"15":1,"16":1,"17":1,"18":1,"19":1,"20":1,"21":1,"22":1,"23":1,"24":1,"25":1,"26":1,"27":1,"28":1},"b":{},"f":{"1":1,"2":1,"3":0},"fnMap":{"1":{"name":"(anonymous_1)","line":2,"loc":{"start":{"line":2,"column":1},"end":{"line":2,"column":12}}},"2":{"name":"(anonymous_2)","line":5,"loc":{"start":{"line":5,"column":29},"end":{"line":5,"column":40}}},"3":{"name":"Liquid","line":6,"loc":{"start":{"line":6,"column":4},"end":{"line":6,"column":22}}}},"statementMap":{"1":{"start":{"line":2,"column":0},"end":{"line":58,"column":14}},"2":{"start":{"line":3,"column":2},"end":{"line":3,"column":13}},"3":{"start":{"line":5,"column":2},"end":{"line":56,"column":7}},"4":{"start":{"line":6,"column":4},"end":{"line":6,"column":24}},"5":{"start":{"line":8,"column":4},"end":{"line":8,"column":34}},"6":{"start":{"line":10,"column":4},"end":{"line":10,"column":35}},"7":{"start":{"line":12,"column":4},"end":{"line":12,"column":42}},"8":{"start":{"line":14,"column":4},"end":{"line":14,"column":45}},"9":{"start":{"line":16,"column":4},"end":{"line":16,"column":29}},"10":{"start":{"line":18,"column":4},"end":{"line":18,"column":27}},"11":{"start":{"line":20,"column":4},"end":{"line":20,"column":52}},"12":{"start":{"line":22,"column":4},"end":{"line":22,"column":38}},"13":{"start":{"line":24,"column":4},"end":{"line":24,"column":34}},"14":{"start":{"line":26,"column":4},"end":{"line":26,"column":32}},"15":{"start":{"line":28,"column":4},"end":{"line":28,"column":43}},"16":{"start":{"line":30,"column":4},"end":{"line":30,"column":44}},"17":{"start":{"line":32,"column":4},"end":{"line":32,"column":122}},"18":{"start":{"line":34,"column":4},"end":{"line":34,"column":62}},"19":{"start":{"line":36,"column":4},"end":{"line":36,"column":130}},"20":{"start":{"line":38,"column":4},"end":{"line":38,"column":124}},"21":{"start":{"line":40,"column":4},"end":{"line":40,"column":246}},"22":{"start":{"line":42,"column":4},"end":{"line":42,"column":117}},"23":{"start":{"line":44,"column":4},"end":{"line":44,"column":93}},"24":{"start":{"line":46,"column":4},"end":{"line":46,"column":40}},"25":{"start":{"line":48,"column":4},"end":{"line":48,"column":179}},"26":{"start":{"line":50,"column":4},"end":{"line":50,"column":121}},"27":{"start":{"line":52,"column":4},"end":{"line":52,"column":95}},"28":{"start":{"line":54,"column":4},"end":{"line":54,"column":18}}},"branchMap":{},"code":["// Generated by CoffeeScript 1.10.0","(function() {","  var Liquid;","","  module.exports = Liquid = (function() {","    function Liquid() {}","","    Liquid.FilterSeparator = /\\|/;","","    Liquid.ArgumentSeparator = /,/;","","    Liquid.FilterArgumentSeparator = /\\:/;","","    Liquid.VariableAttributeSeparator = /\\./;","","    Liquid.TagStart = /\\{\\%/;","","    Liquid.TagEnd = /\\%\\}/;","","    Liquid.VariableSignature = /\\(?[\\w\\-\\.\\[\\]]\\)?/;","","    Liquid.VariableSegment = /[\\w\\-]/;","","    Liquid.VariableStart = /\\{\\{/;","","    Liquid.VariableEnd = /\\}\\}/;","","    Liquid.VariableIncompleteEnd = /\\}\\}?/;","","    Liquid.QuotedString = /\"[^\"]*\"|'[^']*'/;","","    Liquid.QuotedFragment = RegExp(Liquid.QuotedString.source + \"|(?:[^\\\\s,\\\\|'\\\"]|\" + Liquid.QuotedString.source + \")+\");","","    Liquid.StrictQuotedFragment = /\"[^\"]+\"|'[^']+'|[^\\s|:,]+/;","","    Liquid.FirstFilterArgument = RegExp(Liquid.FilterArgumentSeparator.source + \"(?:\" + Liquid.StrictQuotedFragment.source + \")\");","","    Liquid.OtherFilterArgument = RegExp(Liquid.ArgumentSeparator.source + \"(?:\" + Liquid.StrictQuotedFragment.source + \")\");","","    Liquid.SpacelessFilter = RegExp(\"^(?:'[^']+'|\\\"[^\\\"]+\\\"|[^'\\\"])*\" + Liquid.FilterSeparator.source + \"(?:\" + Liquid.StrictQuotedFragment.source + \")(?:\" + Liquid.FirstFilterArgument.source + \"(?:\" + Liquid.OtherFilterArgument.source + \")*)?\");","","    Liquid.Expression = RegExp(\"(?:\" + Liquid.QuotedFragment.source + \"(?:\" + Liquid.SpacelessFilter.source + \")*)\");","","    Liquid.TagAttributes = RegExp(\"(\\\\w+)\\\\s*\\\\:\\\\s*(\" + Liquid.QuotedFragment.source + \")\");","","    Liquid.AnyStartingTag = /\\{\\{|\\{\\%/;","","    Liquid.PartialTemplateParser = RegExp(Liquid.TagStart.source + \".*?\" + Liquid.TagEnd.source + \"|\" + Liquid.VariableStart.source + \".*?\" + Liquid.VariableIncompleteEnd.source);","","    Liquid.TemplateParser = RegExp(\"(\" + Liquid.PartialTemplateParser.source + \"|\" + Liquid.AnyStartingTag.source + \")\");","","    Liquid.VariableParser = RegExp(\"\\\\[[^\\\\]]+\\\\]|\" + Liquid.VariableSegment.source + \"+\\\\??\");","","    return Liquid;","","  })();","","}).call(this);","","//# sourceMappingURL=liquid.js.map",""],"l":{"2":1,"3":1,"5":1,"6":1,"8":1,"10":1,"12":1,"14":1,"16":1,"18":1,"20":1,"22":1,"24":1,"26":1,"28":1,"30":1,"32":1,"34":1,"36":1,"38":1,"40":1,"42":1,"44":1,"46":1,"48":1,"50":1,"52":1,"54":1}},"/home/travis/build/npmtest/node-npmtest-liquid-node/node_modules/liquid-node/lib/liquid/engine.js":{"path":"/home/travis/build/npmtest/node-npmtest-liquid-node/node_modules/liquid-node/lib/liquid/engine.js","s":{"1":1,"2":1,"3":1,"4":1,"5":1,"6":0,"7":0,"8":0,"9":0,"10":0,"11":0,"12":0,"13":0,"14":0,"15":0,"16":0,"17":0,"18":0,"19":0,"20":0,"21":0,"22":0,"23":0,"24":0,"25":0,"26":0,"27":0,"28":1,"29":0,"30":1,"31":0,"32":0,"33":0,"34":0,"35":0,"36":0,"37":0,"38":0,"39":0,"40":0,"41":0,"42":0,"43":0,"44":0,"45":1,"46":0,"47":0,"48":0,"49":1,"50":0,"51":0,"52":0,"53":0,"54":1,"55":0,"56":0,"57":0,"58":1},"b":{"1":[0,0],"2":[0,0],"3":[0,0],"4":[0,0],"5":[0,0],"6":[0,0],"7":[0,0],"8":[0,0],"9":[0,0],"10":[0,0],"11":[0,0]},"f":{"1":1,"2":1,"3":0,"4":0,"5":0,"6":0,"7":0,"8":0,"9":0,"10":0,"11":0,"12":0,"13":0},"fnMap":{"1":{"name":"(anonymous_1)","line":2,"loc":{"start":{"line":2,"column":1},"end":{"line":2,"column":12}}},"2":{"name":"(anonymous_2)","line":9,"loc":{"start":{"line":9,"column":36},"end":{"line":9,"column":47}}},"3":{"name":"Engine","line":10,"loc":{"start":{"line":10,"column":4},"end":{"line":10,"column":22}}},"4":{"name":"(anonymous_4)","line":13,"loc":{"start":{"line":13,"column":22},"end":{"line":13,"column":40}}},"5":{"name":"(anonymous_5)","line":18,"loc":{"start":{"line":18,"column":21},"end":{"line":18,"column":46}}},"6":{"name":"(anonymous_6)","line":41,"loc":{"start":{"line":41,"column":35},"end":{"line":41,"column":55}}},"7":{"name":"(anonymous_7)","line":45,"loc":{"start":{"line":45,"column":39},"end":{"line":45,"column":50}}},"8":{"name":"(anonymous_8)","line":48,"loc":{"start":{"line":48,"column":30},"end":{"line":48,"column":46}}},"9":{"name":"(anonymous_9)","line":49,"loc":{"start":{"line":49,"column":15},"end":{"line":49,"column":32}}},"10":{"name":"(anonymous_10)","line":66,"loc":{"start":{"line":66,"column":29},"end":{"line":66,"column":46}}},"11":{"name":"(anonymous_11)","line":72,"loc":{"start":{"line":72,"column":38},"end":{"line":72,"column":49}}},"12":{"name":"(anonymous_12)","line":75,"loc":{"start":{"line":75,"column":37},"end":{"line":75,"column":56}}},"13":{"name":"(anonymous_13)","line":80,"loc":{"start":{"line":80,"column":42},"end":{"line":80,"column":63}}}},"statementMap":{"1":{"start":{"line":2,"column":0},"end":{"line":91,"column":14}},"2":{"start":{"line":3,"column":2},"end":{"line":5,"column":21}},"3":{"start":{"line":7,"column":2},"end":{"line":7,"column":32}},"4":{"start":{"line":9,"column":2},"end":{"line":89,"column":7}},"5":{"start":{"line":10,"column":4},"end":{"line":39,"column":5}},"6":{"start":{"line":11,"column":6},"end":{"line":11,"column":60}},"7":{"start":{"line":12,"column":6},"end":{"line":12,"column":21}},"8":{"start":{"line":13,"column":6},"end":{"line":15,"column":8}},"9":{"start":{"line":14,"column":8},"end":{"line":14,"column":31}},"10":{"start":{"line":16,"column":6},"end":{"line":16,"column":51}},"11":{"start":{"line":17,"column":6},"end":{"line":17,"column":51}},"12":{"start":{"line":18,"column":6},"end":{"line":27,"column":8}},"13":{"start":{"line":19,"column":8},"end":{"line":19,"column":16}},"14":{"start":{"line":20,"column":8},"end":{"line":26,"column":9}},"15":{"start":{"line":21,"column":10},"end":{"line":21,"column":23}},"16":{"start":{"line":22,"column":15},"end":{"line":26,"column":9}},"17":{"start":{"line":23,"column":10},"end":{"line":23,"column":22}},"18":{"start":{"line":25,"column":10},"end":{"line":25,"column":99}},"19":{"start":{"line":28,"column":6},"end":{"line":38,"column":7}},"20":{"start":{"line":29,"column":8},"end":{"line":29,"column":53}},"21":{"start":{"line":29,"column":44},"end":{"line":29,"column":53}},"22":{"start":{"line":30,"column":8},"end":{"line":30,"column":30}},"23":{"start":{"line":31,"column":8},"end":{"line":33,"column":9}},"24":{"start":{"line":32,"column":10},"end":{"line":32,"column":19}},"25":{"start":{"line":34,"column":8},"end":{"line":34,"column":89}},"26":{"start":{"line":35,"column":8},"end":{"line":37,"column":9}},"27":{"start":{"line":36,"column":10},"end":{"line":36,"column":55}},"28":{"start":{"line":41,"column":4},"end":{"line":43,"column":6}},"29":{"start":{"line":42,"column":6},"end":{"line":42,"column":35}},"30":{"start":{"line":45,"column":4},"end":{"line":64,"column":6}},"31":{"start":{"line":46,"column":6},"end":{"line":46,"column":18}},"32":{"start":{"line":47,"column":6},"end":{"line":47,"column":70}},"33":{"start":{"line":48,"column":6},"end":{"line":63,"column":16}},"34":{"start":{"line":49,"column":8},"end":{"line":62,"column":10}},"35":{"start":{"line":50,"column":10},"end":{"line":50,"column":28}},"36":{"start":{"line":51,"column":10},"end":{"line":51,"column":23}},"37":{"start":{"line":52,"column":10},"end":{"line":60,"column":11}},"38":{"start":{"line":53,"column":12},"end":{"line":53,"column":51}},"39":{"start":{"line":53,"column":42},"end":{"line":53,"column":51}},"40":{"start":{"line":54,"column":12},"end":{"line":54,"column":26}},"41":{"start":{"line":55,"column":12},"end":{"line":59,"column":13}},"42":{"start":{"line":56,"column":14},"end":{"line":56,"column":60}},"43":{"start":{"line":58,"column":14},"end":{"line":58,"column":35}},"44":{"start":{"line":61,"column":10},"end":{"line":61,"column":25}},"45":{"start":{"line":66,"column":4},"end":{"line":70,"column":6}},"46":{"start":{"line":67,"column":6},"end":{"line":67,"column":19}},"47":{"start":{"line":68,"column":6},"end":{"line":68,"column":37}},"48":{"start":{"line":69,"column":6},"end":{"line":69,"column":42}},"49":{"start":{"line":72,"column":4},"end":{"line":78,"column":6}},"50":{"start":{"line":73,"column":6},"end":{"line":73,"column":23}},"51":{"start":{"line":74,"column":6},"end":{"line":74,"column":90}},"52":{"start":{"line":75,"column":6},"end":{"line":77,"column":9}},"53":{"start":{"line":76,"column":8},"end":{"line":76,"column":53}},"54":{"start":{"line":80,"column":4},"end":{"line":85,"column":6}},"55":{"start":{"line":81,"column":6},"end":{"line":83,"column":7}},"56":{"start":{"line":82,"column":8},"end":{"line":82,"column":81}},"57":{"start":{"line":84,"column":6},"end":{"line":84,"column":42}},"58":{"start":{"line":87,"column":4},"end":{"line":87,"column":18}}},"branchMap":{"1":{"line":20,"type":"if","locations":[{"start":{"line":20,"column":8},"end":{"line":20,"column":8}},{"start":{"line":20,"column":8},"end":{"line":20,"column":8}}]},"2":{"line":22,"type":"if","locations":[{"start":{"line":22,"column":15},"end":{"line":22,"column":15}},{"start":{"line":22,"column":15},"end":{"line":22,"column":15}}]},"3":{"line":25,"type":"cond-expr","locations":[{"start":{"line":25,"column":64},"end":{"line":25,"column":79}},{"start":{"line":25,"column":82},"end":{"line":25,"column":88}}]},"4":{"line":29,"type":"if","locations":[{"start":{"line":29,"column":8},"end":{"line":29,"column":8}},{"start":{"line":29,"column":8},"end":{"line":29,"column":8}}]},"5":{"line":31,"type":"if","locations":[{"start":{"line":31,"column":8},"end":{"line":31,"column":8}},{"start":{"line":31,"column":8},"end":{"line":31,"column":8}}]},"6":{"line":35,"type":"if","locations":[{"start":{"line":35,"column":8},"end":{"line":35,"column":8}},{"start":{"line":35,"column":8},"end":{"line":35,"column":8}}]},"7":{"line":47,"type":"cond-expr","locations":[{"start":{"line":47,"column":40},"end":{"line":47,"column":64}},{"start":{"line":47,"column":67},"end":{"line":47,"column":69}}]},"8":{"line":53,"type":"if","locations":[{"start":{"line":53,"column":12},"end":{"line":53,"column":12}},{"start":{"line":53,"column":12},"end":{"line":53,"column":12}}]},"9":{"line":55,"type":"if","locations":[{"start":{"line":55,"column":12},"end":{"line":55,"column":12}},{"start":{"line":55,"column":12},"end":{"line":55,"column":12}}]},"10":{"line":74,"type":"cond-expr","locations":[{"start":{"line":74,"column":60},"end":{"line":74,"column":84}},{"start":{"line":74,"column":87},"end":{"line":74,"column":89}}]},"11":{"line":81,"type":"if","locations":[{"start":{"line":81,"column":6},"end":{"line":81,"column":6}},{"start":{"line":81,"column":6},"end":{"line":81,"column":6}}]}},"code":["// Generated by CoffeeScript 1.10.0","(function() {","  var Liquid,","    hasProp = {}.hasOwnProperty,","    slice = [].slice;","","  Liquid = require(\"../liquid\");","","  module.exports = Liquid.Engine = (function() {","    function Engine() {","      var isBlockOrTagBaseClass, isSubclassOf, tag, tagName;","      this.tags = {};","      this.Strainer = function(context) {","        this.context = context;","      };","      this.registerFilters(Liquid.StandardFilters);","      this.fileSystem = new Liquid.BlankFileSystem;","      isSubclassOf = function(klass, ofKlass) {","        var ref;","        if (typeof klass !== 'function') {","          return false;","        } else if (klass === ofKlass) {","          return true;","        } else {","          return isSubclassOf((ref = klass.__super__) != null ? ref.constructor : void 0, ofKlass);","        }","      };","      for (tagName in Liquid) {","        if (!hasProp.call(Liquid, tagName)) continue;","        tag = Liquid[tagName];","        if (!isSubclassOf(tag, Liquid.Tag)) {","          continue;","        }","        isBlockOrTagBaseClass = [Liquid.Tag, Liquid.Block].indexOf(tag.constructor) >= 0;","        if (!isBlockOrTagBaseClass) {","          this.registerTag(tagName.toLowerCase(), tag);","        }","      }","    }","","    Engine.prototype.registerTag = function(name, tag) {","      return this.tags[name] = tag;","    };","","    Engine.prototype.registerFilters = function() {","      var filters;","      filters = 1 <= arguments.length ? slice.call(arguments, 0) : [];","      return filters.forEach((function(_this) {","        return function(filter) {","          var k, results, v;","          results = [];","          for (k in filter) {","            if (!hasProp.call(filter, k)) continue;","            v = filter[k];","            if (v instanceof Function) {","              results.push(_this.Strainer.prototype[k] = v);","            } else {","              results.push(void 0);","            }","          }","          return results;","        };","      })(this));","    };","","    Engine.prototype.parse = function(source) {","      var template;","      template = new Liquid.Template;","      return template.parse(this, source);","    };","","    Engine.prototype.parseAndRender = function() {","      var args, source;","      source = arguments[0], args = 2 <= arguments.length ? slice.call(arguments, 1) : [];","      return this.parse(source).then(function(template) {","        return template.render.apply(template, args);","      });","    };","","    Engine.prototype.registerFileSystem = function(fileSystem) {","      if (!(fileSystem instanceof Liquid.BlankFileSystem)) {","        throw Liquid.ArgumentError(\"Must be subclass of Liquid.BlankFileSystem\");","      }","      return this.fileSystem = fileSystem;","    };","","    return Engine;","","  })();","","}).call(this);","","//# sourceMappingURL=engine.js.map",""],"l":{"2":1,"3":1,"7":1,"9":1,"10":1,"11":0,"12":0,"13":0,"14":0,"16":0,"17":0,"18":0,"19":0,"20":0,"21":0,"22":0,"23":0,"25":0,"28":0,"29":0,"30":0,"31":0,"32":0,"34":0,"35":0,"36":0,"41":1,"42":0,"45":1,"46":0,"47":0,"48":0,"49":0,"50":0,"51":0,"52":0,"53":0,"54":0,"55":0,"56":0,"58":0,"61":0,"66":1,"67":0,"68":0,"69":0,"72":1,"73":0,"74":0,"75":0,"76":0,"80":1,"81":0,"82":0,"84":0,"87":1}},"/home/travis/build/npmtest/node-npmtest-liquid-node/node_modules/liquid-node/lib/liquid/helpers.js":{"path":"/home/travis/build/npmtest/node-npmtest-liquid-node/node_modules/liquid-node/lib/liquid/helpers.js","s":{"1":1,"2":1,"3":0,"4":0,"5":0,"6":0,"7":0,"8":0,"9":0,"10":0,"11":0,"12":0,"13":0,"14":0,"15":0,"16":0,"17":0,"18":0,"19":0,"20":0,"21":0,"22":0,"23":0,"24":0,"25":0,"26":0,"27":0,"28":0,"29":0,"30":0},"b":{"1":[0,0],"2":[0,0],"3":[0,0],"4":[0,0],"5":[0,0],"6":[0,0]},"f":{"1":1,"2":0,"3":0,"4":0,"5":0,"6":0,"7":0},"fnMap":{"1":{"name":"(anonymous_1)","line":2,"loc":{"start":{"line":2,"column":1},"end":{"line":2,"column":12}}},"2":{"name":"(anonymous_2)","line":4,"loc":{"start":{"line":4,"column":13},"end":{"line":4,"column":29}}},"3":{"name":"(anonymous_3)","line":7,"loc":{"start":{"line":7,"column":17},"end":{"line":7,"column":33}}},"4":{"name":"(anonymous_4)","line":8,"loc":{"start":{"line":8,"column":29},"end":{"line":8,"column":44}}},"5":{"name":"(anonymous_5)","line":19,"loc":{"start":{"line":19,"column":18},"end":{"line":19,"column":34}}},"6":{"name":"(anonymous_6)","line":22,"loc":{"start":{"line":22,"column":10},"end":{"line":22,"column":48}}},"7":{"name":"(anonymous_7)","line":28,"loc":{"start":{"line":28,"column":14},"end":{"line":28,"column":26}}}},"statementMap":{"1":{"start":{"line":2,"column":0},"end":{"line":51,"column":14}},"2":{"start":{"line":3,"column":2},"end":{"line":49,"column":4}},"3":{"start":{"line":5,"column":6},"end":{"line":5,"column":27}},"4":{"start":{"line":6,"column":6},"end":{"line":6,"column":18}},"5":{"start":{"line":7,"column":6},"end":{"line":15,"column":8}},"6":{"start":{"line":8,"column":8},"end":{"line":14,"column":11}},"7":{"start":{"line":9,"column":10},"end":{"line":13,"column":11}},"8":{"start":{"line":10,"column":12},"end":{"line":10,"column":34}},"9":{"start":{"line":12,"column":12},"end":{"line":12,"column":37}},"10":{"start":{"line":16,"column":6},"end":{"line":16,"column":22}},"11":{"start":{"line":17,"column":6},"end":{"line":17,"column":20}},"12":{"start":{"line":20,"column":6},"end":{"line":20,"column":42}},"13":{"start":{"line":23,"column":6},"end":{"line":23,"column":24}},"14":{"start":{"line":24,"column":6},"end":{"line":26,"column":7}},"15":{"start":{"line":25,"column":8},"end":{"line":25,"column":28}},"16":{"start":{"line":27,"column":6},"end":{"line":27,"column":18}},"17":{"start":{"line":28,"column":6},"end":{"line":45,"column":8}},"18":{"start":{"line":29,"column":8},"end":{"line":29,"column":21}},"19":{"start":{"line":30,"column":8},"end":{"line":30,"column":31}},"20":{"start":{"line":31,"column":8},"end":{"line":44,"column":9}},"21":{"start":{"line":32,"column":10},"end":{"line":36,"column":11}},"22":{"start":{"line":33,"column":12},"end":{"line":33,"column":34}},"23":{"start":{"line":35,"column":12},"end":{"line":35,"column":40}},"24":{"start":{"line":37,"column":10},"end":{"line":37,"column":30}},"25":{"start":{"line":38,"column":10},"end":{"line":40,"column":11}},"26":{"start":{"line":39,"column":12},"end":{"line":39,"column":18}},"27":{"start":{"line":41,"column":10},"end":{"line":43,"column":11}},"28":{"start":{"line":42,"column":12},"end":{"line":42,"column":55}},"29":{"start":{"line":46,"column":6},"end":{"line":46,"column":20}},"30":{"start":{"line":47,"column":6},"end":{"line":47,"column":20}}},"branchMap":{"1":{"line":9,"type":"if","locations":[{"start":{"line":9,"column":10},"end":{"line":9,"column":10}},{"start":{"line":9,"column":10},"end":{"line":9,"column":10}}]},"2":{"line":24,"type":"if","locations":[{"start":{"line":24,"column":6},"end":{"line":24,"column":6}},{"start":{"line":24,"column":6},"end":{"line":24,"column":6}}]},"3":{"line":31,"type":"if","locations":[{"start":{"line":31,"column":8},"end":{"line":31,"column":8}},{"start":{"line":31,"column":8},"end":{"line":31,"column":8}}]},"4":{"line":32,"type":"if","locations":[{"start":{"line":32,"column":10},"end":{"line":32,"column":10}},{"start":{"line":32,"column":10},"end":{"line":32,"column":10}}]},"5":{"line":38,"type":"if","locations":[{"start":{"line":38,"column":10},"end":{"line":38,"column":10}},{"start":{"line":38,"column":10},"end":{"line":38,"column":10}}]},"6":{"line":41,"type":"if","locations":[{"start":{"line":41,"column":10},"end":{"line":41,"column":10}},{"start":{"line":41,"column":10},"end":{"line":41,"column":10}}]}},"code":["// Generated by CoffeeScript 1.10.0","(function() {","  module.exports = {","    flatten: function(array) {","      var _flatten, output;","      output = [];","      _flatten = function(array) {","        return array.forEach(function(item) {","          if (Array.isArray(item)) {","            return _flatten(item);","          } else {","            return output.push(item);","          }","        });","      };","      _flatten(array);","      return output;","    },","    toFlatString: function(array) {","      return this.flatten(array).join(\"\");","    },","    scan: function(string, regexp, globalMatch) {","      var _scan, result;","      if (globalMatch == null) {","        globalMatch = false;","      }","      result = [];","      _scan = function(s) {","        var l, match;","        match = regexp.exec(s);","        if (match) {","          if (match.length === 1) {","            result.push(match[0]);","          } else {","            result.push(match.slice(1));","          }","          l = match[0].length;","          if (globalMatch) {","            l = 1;","          }","          if (match.index + l < s.length) {","            return _scan(s.substring(match.index + l));","          }","        }","      };","      _scan(string);","      return result;","    }","  };","","}).call(this);","","//# sourceMappingURL=helpers.js.map",""],"l":{"2":1,"3":1,"5":0,"6":0,"7":0,"8":0,"9":0,"10":0,"12":0,"16":0,"17":0,"20":0,"23":0
[...]
;","              var child = new ctor, result = func.apply(child, args);","              return Object(result) === result ? result : child;","            })(Liquid.Condition, match.slice(1, 4), function(){});","            newCondition[operator].call(newCondition, condition);","            condition = newCondition;","          }","          return condition;","        }","      })();","      this.blocks.push(block);","      return this.nodelist = block.attach([]);","    };","","    return If;","","  })(Liquid.Block);","","}).call(this);","","//# sourceMappingURL=if.js.map",""],"l":{"2":1,"3":1,"4":5,"7":1,"9":1,"11":1,"13":1,"14":1,"16":1,"18":1,"20":1,"22":1,"24":1,"25":0,"26":0,"27":0,"30":1,"31":0,"32":0,"34":0,"38":1,"39":0,"40":0,"41":0,"42":0,"43":0,"45":0,"46":0,"48":0,"49":0,"51":0,"52":0,"56":0,"57":0,"59":0,"66":1,"67":0,"68":0,"69":0,"70":0,"72":0,"73":0,"74":0,"75":0,"76":0,"78":0,"79":0,"80":0,"81":0,"83":0,"84":0,"85":0,"86":0,"87":0,"89":0,"90":0,"91":0,"92":0,"94":0,"95":0,"97":0,"100":0,"101":0,"104":1}},"/home/travis/build/npmtest/node-npmtest-liquid-node/node_modules/liquid-node/lib/liquid/tags/ifchanged.js":{"path":"/home/travis/build/npmtest/node-npmtest-liquid-node/node_modules/liquid-node/lib/liquid/tags/ifchanged.js","s":{"1":1,"2":1,"3":1,"4":5,"5":5,"6":1,"7":1,"8":1,"9":1,"10":1,"11":1,"12":1,"13":1,"14":1,"15":1,"16":1,"17":0,"18":1,"19":0,"20":0,"21":0,"22":0,"23":0,"24":0,"25":0,"26":0,"27":0,"28":1},"b":{"1":[5,0],"2":[0,0]},"f":{"1":1,"2":1,"3":1,"4":1,"5":0,"6":0,"7":0,"8":0,"9":0},"fnMap":{"1":{"name":"(anonymous_1)","line":2,"loc":{"start":{"line":2,"column":1},"end":{"line":2,"column":12}}},"2":{"name":"(anonymous_2)","line":4,"loc":{"start":{"line":4,"column":13},"end":{"line":4,"column":37}}},"3":{"name":"ctor","line":4,"loc":{"start":{"line":4,"column":124},"end":{"line":4,"column":140}}},"4":{"name":"(anonymous_4)","line":11,"loc":{"start":{"line":11,"column":32},"end":{"line":11,"column":53}}},"5":{"name":"IfChanged","line":14,"loc":{"start":{"line":14,"column":4},"end":{"line":14,"column":25}}},"6":{"name":"(anonymous_6)","line":18,"loc":{"start":{"line":18,"column":33},"end":{"line":18,"column":51}}},"7":{"name":"(anonymous_7)","line":19,"loc":{"start":{"line":19,"column":28},"end":{"line":19,"column":44}}},"8":{"name":"(anonymous_8)","line":20,"loc":{"start":{"line":20,"column":15},"end":{"line":20,"column":26}}},"9":{"name":"(anonymous_9)","line":23,"loc":{"start":{"line":23,"column":48},"end":{"line":23,"column":65}}}},"statementMap":{"1":{"start":{"line":2,"column":0},"end":{"line":39,"column":14}},"2":{"start":{"line":3,"column":2},"end":{"line":5,"column":32}},"3":{"start":{"line":4,"column":39},"end":{"line":4,"column":123}},"4":{"start":{"line":4,"column":65},"end":{"line":4,"column":121}},"5":{"start":{"line":4,"column":96},"end":{"line":4,"column":121}},"6":{"start":{"line":4,"column":124},"end":{"line":4,"column":169}},"7":{"start":{"line":4,"column":142},"end":{"line":4,"column":167}},"8":{"start":{"line":4,"column":170},"end":{"line":4,"column":204}},"9":{"start":{"line":4,"column":205},"end":{"line":4,"column":234}},"10":{"start":{"line":4,"column":235},"end":{"line":4,"column":270}},"11":{"start":{"line":4,"column":271},"end":{"line":4,"column":284}},"12":{"start":{"line":7,"column":2},"end":{"line":7,"column":35}},"13":{"start":{"line":9,"column":2},"end":{"line":9,"column":42}},"14":{"start":{"line":11,"column":2},"end":{"line":37,"column":19}},"15":{"start":{"line":12,"column":4},"end":{"line":12,"column":34}},"16":{"start":{"line":14,"column":4},"end":{"line":16,"column":5}},"17":{"start":{"line":15,"column":6},"end":{"line":15,"column":68}},"18":{"start":{"line":18,"column":4},"end":{"line":33,"column":6}},"19":{"start":{"line":19,"column":6},"end":{"line":32,"column":16}},"20":{"start":{"line":20,"column":8},"end":{"line":31,"column":10}},"21":{"start":{"line":21,"column":10},"end":{"line":21,"column":23}},"22":{"start":{"line":22,"column":10},"end":{"line":22,"column":62}},"23":{"start":{"line":23,"column":10},"end":{"line":30,"column":13}},"24":{"start":{"line":24,"column":12},"end":{"line":24,"column":57}},"25":{"start":{"line":25,"column":12},"end":{"line":29,"column":13}},"26":{"start":{"line":26,"column":14},"end":{"line":26,"column":58}},"27":{"start":{"line":28,"column":14},"end":{"line":28,"column":24}},"28":{"start":{"line":35,"column":4},"end":{"line":35,"column":21}}},"branchMap":{"1":{"line":4,"type":"if","locations":[{"start":{"line":4,"column":65},"end":{"line":4,"column":65}},{"start":{"line":4,"column":65},"end":{"line":4,"column":65}}]},"2":{"line":25,"type":"if","locations":[{"start":{"line":25,"column":12},"end":{"line":25,"column":12}},{"start":{"line":25,"column":12},"end":{"line":25,"column":12}}]}},"code":["// Generated by CoffeeScript 1.10.0","(function() {","  var IfChanged, Liquid, Promise,","    extend = function(child, parent) { for (var key in parent) { if (hasProp.call(parent, key)) child[key] = parent[key]; } function ctor() { this.constructor = child; } ctor.prototype = parent.prototype; child.prototype = new ctor(); child.__super__ = parent.prototype; return child; },","    hasProp = {}.hasOwnProperty;","","  Liquid = require(\"../../liquid\");","","  Promise = require(\"native-or-bluebird\");","","  module.exports = IfChanged = (function(superClass) {","    extend(IfChanged, superClass);","","    function IfChanged() {","      return IfChanged.__super__.constructor.apply(this, arguments);","    }","","    IfChanged.prototype.render = function(context) {","      return context.stack((function(_this) {","        return function() {","          var rendered;","          rendered = _this.renderAll(_this.nodelist, context);","          return Promise.resolve(rendered).then(function(output) {","            output = Liquid.Helpers.toFlatString(output);","            if (output !== context.registers.ifchanged) {","              return context.registers.ifchanged = output;","            } else {","              return \"\";","            }","          });","        };","      })(this));","    };","","    return IfChanged;","","  })(Liquid.Block);","","}).call(this);","","//# sourceMappingURL=ifchanged.js.map",""],"l":{"2":1,"3":1,"4":5,"7":1,"9":1,"11":1,"12":1,"14":1,"15":0,"18":1,"19":0,"20":0,"21":0,"22":0,"23":0,"24":0,"25":0,"26":0,"28":0,"35":1}},"/home/travis/build/npmtest/node-npmtest-liquid-node/node_modules/liquid-node/lib/liquid/tags/increment.js":{"path":"/home/travis/build/npmtest/node-npmtest-liquid-node/node_modules/liquid-node/lib/liquid/tags/increment.js","s":{"1":1,"2":1,"3":1,"4":0,"5":0,"6":1,"7":1,"8":1,"9":1,"10":1,"11":1,"12":1,"13":1,"14":1,"15":1,"16":0,"17":0,"18":1,"19":0,"20":0,"21":0,"22":0,"23":1},"b":{"1":[0,0],"2":[0,0]},"f":{"1":1,"2":1,"3":1,"4":1,"5":0,"6":0},"fnMap":{"1":{"name":"(anonymous_1)","line":2,"loc":{"start":{"line":2,"column":1},"end":{"line":2,"column":12}}},"2":{"name":"(anonymous_2)","line":4,"loc":{"start":{"line":4,"column":13},"end":{"line":4,"column":37}}},"3":{"name":"ctor","line":4,"loc":{"start":{"line":4,"column":124},"end":{"line":4,"column":140}}},"4":{"name":"(anonymous_4)","line":9,"loc":{"start":{"line":9,"column":32},"end":{"line":9,"column":53}}},"5":{"name":"Increment","line":12,"loc":{"start":{"line":12,"column":4},"end":{"line":12,"column":50}}},"6":{"name":"(anonymous_6)","line":17,"loc":{"start":{"line":17,"column":33},"end":{"line":17,"column":51}}}},"statementMap":{"1":{"start":{"line":2,"column":0},"end":{"line":28,"column":14}},"2":{"start":{"line":3,"column":2},"end":{"line":5,"column":32}},"3":{"start":{"line":4,"column":39},"end":{"line":4,"column":123}},"4":{"start":{"line":4,"column":65},"end":{"line":4,"column":121}},"5":{"start":{"line":4,"column":96},"end":{"line":4,"column":121}},"6":{"start":{"line":4,"column":124},"end":{"line":4,"column":169}},"7":{"start":{"line":4,"column":142},"end":{"line":4,"column":167}},"8":{"start":{"line":4,"column":170},"end":{"line":4,"column":204}},"9":{"start":{"line":4,"column":205},"end":{"line":4,"column":234}},"10":{"start":{"line":4,"column":235},"end":{"line":4,"column":270}},"11":{"start":{"line":4,"column":271},"end":{"line":4,"column":284}},"12":{"start":{"line":7,"column":2},"end":{"line":7,"column":35}},"13":{"start":{"line":9,"column":2},"end":{"line":26,"column":17}},"14":{"start":{"line":10,"column":4},"end":{"line":10,"column":34}},"15":{"start":{"line":12,"column":4},"end":{"line":15,"column":5}},"16":{"start":{"line":13,"column":6},"end":{"line":13,"column":36}},"17":{"start":{"line":14,"column":6},"end":{"line":14,"column":61}},"18":{"start":{"line":17,"column":4},"end":{"line":22,"column":6}},"19":{"start":{"line":18,"column":6},"end":{"line":18,"column":28}},"20":{"start":{"line":19,"column":6},"end":{"line":19,"column":107}},"21":{"start":{"line":20,"column":6},"end":{"line":20,"column":57}},"22":{"start":{"line":21,"column":6},"end":{"line":21,"column":27}},"23":{"start":{"line":24,"column":4},"end":{"line":24,"column":21}}},"branchMap":{"1":{"line":4,"type":"if","locations":[{"start":{"line":4,"column":65},"end":{"line":4,"column":65}},{"start":{"line":4,"column":65},"end":{"line":4,"column":65}}]},"2":{"line":19,"type":"cond-expr","locations":[{"start":{"line":19,"column":79},"end":{"line":19,"column":89}},{"start":{"line":19,"column":92},"end":{"line":19,"column":106}}]}},"code":["// Generated by CoffeeScript 1.10.0","(function() {","  var Increment, Liquid,","    extend = function(child, parent) { for (var key in parent) { if (hasProp.call(parent, key)) child[key] = parent[key]; } function ctor() { this.constructor = child; } ctor.prototype = parent.prototype; child.prototype = new ctor(); child.__super__ = parent.prototype; return child; },","    hasProp = {}.hasOwnProperty;","","  Liquid = require(\"../../liquid\");","","  module.exports = Increment = (function(superClass) {","    extend(Increment, superClass);","","    function Increment(template, tagName, markup) {","      this.variable = markup.trim();","      Increment.__super__.constructor.apply(this, arguments);","    }","","    Increment.prototype.render = function(context) {","      var base, name, value;","      value = (base = context.environments[0])[name = this.variable] != null ? base[name] : base[name] = 0;","      context.environments[0][this.variable] = value + 1;","      return String(value);","    };","","    return Increment;","","  })(Liquid.Tag);","","}).call(this);","","//# sourceMappingURL=increment.js.map",""],"l":{"2":1,"3":1,"4":1,"7":1,"9":1,"10":1,"12":1,"13":0,"14":0,"17":1,"18":0,"19":0,"20":0,"21":0,"24":1}},"/home/travis/build/npmtest/node-npmtest-liquid-node/node_modules/liquid-node/lib/liquid/tags/unless.js":{"path":"/home/travis/build/npmtest/node-npmtest-liquid-node/node_modules/liquid-node/lib/liquid/tags/unless.js","s":{"1":1,"2":1,"3":1,"4":5,"5":5,"6":1,"7":1,"8":1,"9":1,"10":1,"11":1,"12":1,"13":1,"14":1,"15":1,"16":0,"17":1,"18":0,"19":0,"20":0,"21":1},"b":{"1":[5,0]},"f":{"1":1,"2":1,"3":1,"4":1,"5":0,"6":0,"7":0,"8":0},"fnMap":{"1":{"name":"(anonymous_1)","line":2,"loc":{"start":{"line":2,"column":1},"end":{"line":2,"column":12}}},"2":{"name":"(anonymous_2)","line":4,"loc":{"start":{"line":4,"column":13},"end":{"line":4,"column":37}}},"3":{"name":"ctor","line":4,"loc":{"start":{"line":4,"column":124},"end":{"line":4,"column":140}}},"4":{"name":"(anonymous_4)","line":9,"loc":{"start":{"line":9,"column":29},"end":{"line":9,"column":50}}},"5":{"name":"Unless","line":12,"loc":{"start":{"line":12,"column":4},"end":{"line":12,"column":22}}},"6":{"name":"(anonymous_6)","line":16,"loc":{"start":{"line":16,"column":29},"end":{"line":16,"column":40}}},"7":{"name":"(anonymous_7)","line":17,"loc":{"start":{"line":17,"column":65},"end":{"line":17,"column":81}}},"8":{"name":"(anonymous_8)","line":18,"loc":{"start":{"line":18,"column":15},"end":{"line":18,"column":26}}}},"statementMap":{"1":{"start":{"line":2,"column":0},"end":{"line":28,"column":14}},"2":{"start":{"line":3,"column":2},"end":{"line":5,"column":32}},"3":{"start":{"line":4,"column":39},"end":{"line":4,"column":123}},"4":{"start":{"line":4,"column":65},"end":{"line":4,"column":121}},"5":{"start":{"line":4,"column":96},"end":{"line":4,"column":121}},"6":{"start":{"line":4,"column":124},"end":{"line":4,"column":169}},"7":{"start":{"line":4,"column":142},"end":{"line":4,"column":167}},"8":{"start":{"line":4,"column":170},"end":{"line":4,"column":204}},"9":{"start":{"line":4,"column":205},"end":{"line":4,"column":234}},"10":{"start":{"line":4,"column":235},"end":{"line":4,"column":270}},"11":{"start":{"line":4,"column":271},"end":{"line":4,"column":284}},"12":{"start":{"line":7,"column":2},"end":{"line":7,"column":35}},"13":{"start":{"line":9,"column":2},"end":{"line":26,"column":16}},"14":{"start":{"line":10,"column":4},"end":{"line":10,"column":31}},"15":{"start":{"line":12,"column":4},"end":{"line":14,"column":5}},"16":{"start":{"line":13,"column":6},"end":{"line":13,"column":65}},"17":{"start":{"line":16,"column":4},"end":{"line":22,"column":6}},"18":{"start":{"line":17,"column":6},"end":{"line":21,"column":16}},"19":{"start":{"line":18,"column":8},"end":{"line":20,"column":10}},"20":{"start":{"line":19,"column":10},"end":{"line":19,"column":47}},"21":{"start":{"line":24,"column":4},"end":{"line":24,"column":18}}},"branchMap":{"1":{"line":4,"type":"if","locations":[{"start":{"line":4,"column":65},"end":{"line":4,"column":65}},{"start":{"line":4,"column":65},"end":{"line":4,"column":65}}]}},"code":["// Generated by CoffeeScript 1.10.0","(function() {","  var Liquid, Unless,","    extend = function(child, parent) { for (var key in parent) { if (hasProp.call(parent, key)) child[key] = parent[key]; } function ctor() { this.constructor = child; } ctor.prototype = parent.prototype; child.prototype = new ctor(); child.__super__ = parent.prototype; return child; },","    hasProp = {}.hasOwnProperty;","","  Liquid = require(\"../../liquid\");","","  module.exports = Unless = (function(superClass) {","    extend(Unless, superClass);","","    function Unless() {","      return Unless.__super__.constructor.apply(this, arguments);","    }","","    Unless.prototype.parse = function() {","      return Unless.__super__.parse.apply(this, arguments).then((function(_this) {","        return function() {","          return _this.blocks[0].negate = true;","        };","      })(this));","    };","","    return Unless;","","  })(Liquid.If);","","}).call(this);","","//# sourceMappingURL=unless.js.map",""],"l":{"2":1,"3":1,"4":5,"7":1,"9":1,"10":1,"12":1,"13":0,"16":1,"17":0,"18":0,"19":0,"24":1}},"/home/travis/build/npmtest/node-npmtest-liquid-node/node_modules/liquid-node/lib/liquid/tags/include.js":{"path":"/home/travis/build/npmtest/node-npmtest-liquid-node/node_modules/liquid-node/lib/liquid/tags/include.js","s":{"1":1,"2":1,"3":1,"4":0,"5":0,"6":1,"7":1,"8":1,"9":1,"10":1,"11":1,"12":1,"13":1,"14":1,"15":1,"16":1,"17":1,"18":1,"19":0,"20":0,"21":0,"22":0,"23":0,"24":0,"25":0,"26":0,"27":1,"28":0,"29":0,"30":1},"b":{"1":[0,0],"2":[0,0]},"f":{"1":1,"2":1,"3":1,"4":1,"5":0,"6":0,"7":0,"8":0},"fnMap":{"1":{"name":"(anonymous_1)","line":2,"loc":{"start":{"line":2,"column":1},"end":{"line":2,"column":12}}},"2":{"name":"(anonymous_2)","line":4,"loc":{"start":{"line":4,"column":13},"end":{"line":4,"column":37}}},"3":{"name":"ctor","line":4,"loc":{"start":{"line":4,"column":124},"end":{"line":4,"column":140}}},"4":{"name":"(anonymous_4)","line":9,"loc":{"start":{"line":9,"column":30},"end":{"line":9,"column":51}}},"5":{"name":"Include","line":18,"loc":{"start":{"line":18,"column":4},"end":{"line":18,"column":56}}},"6":{"name":"(anonymous_6)","line":25,"loc":{"start":{"line":25,"column":89},"end":{"line":25,"column":103}}},"7":{"name":"(anonymous_7)","line":31,"loc":{"start":{"line":31,"column":31},"end":{"line":31,"column":49}}},"8":{"name":"(anonymous_8)","line":32,"loc":{"start":{"line":32,"column":35},"end":{"line":32,"column":47}}}},"statementMap":{"1":{"start":{"line":2,"column":0},"end":{"line":41,"column":14}},"2":{"start":{"line":3,"column":2},"end":{"line":5,"column":32}},"3":{"start":{"line":4,"column":39},"end":{"line":4,"column":123}},"4":{"start":{"line":4,"column":65},"end":{"line":4,"column":121}},"5":{"start":{"line":4,"column":96},"end":{"line":4,"column":121}},"6":{"start":{"line":4,"column":124},"end":{"line":4,"column":169}},"7":{"start":{"line":4,"column":142},"end":{"line":4,"column":167}},"8":{"start":{"line":4,"column":170},"end":{"line":4,"column":204}},"9":{"start":{"line":4,"column":205},"end":{"line":4,"column":234}},"10":{"start":{"line":4,"column":235},"end":{"line":4,"column":270}},"11":{"start":{"line":4,"column":271},"end":{"line":4,"column":284}},"12":{"start":{"line":7,"column":2},"end":{"line":7,"column":35}},"13":{"start":{"line":9,"column":2},"end":{"line":39,"column":17}},"14":{"start":{"line":10,"column":4},"end":{"line":10,"column":27}},"15":{"start":{"line":12,"column":4},"end":{"line":12,"column":32}},"16":{"start":{"line":14,"column":4},"end":{"line":14,"column":34}},"17":{"start":{"line":16,"column":4},"end":{"line":16,"column":84}},"18":{"start":{"line":18,"column":4},"end":{"line":29,"column":5}},"19":{"start":{"line":19,"column":6},"end":{"line":19,"column":16}},"20":{"start":{"line":20,"column":6},"end":{"line":20,"column":34}},"21":{"start":{"line":21,"column":6},"end":{"line":23,"column":7}},"22":{"start":{"line":22,"column":8},"end":{"line":22,"column":49}},"23":{"start":{"line":24,"column":6},"end":{"line":24,"column":31}},"24":{"start":{"line":25,"column":6},"end":{"line":27,"column":9}},"25":{"start":{"line":26,"column":8},"end":{"line":26,"column":42}},"26":{"start":{"line":28,"column":6},"end":{"line":28,"column":59}},"27":{"start":{"line":31,"column":4},"end":{"line":35,"column":6}},"28":{"start":{"line":32,"column":6},"end":{"line":34,"column":9}},"29":{"start":{"line":33,"column":8},"end":{"line":33,"column":33}},"30":{"start":{"line":37,"column":4},"end":{"line":37,"column":19}}},"branchMap":{"1":{"line":4,"type":"if","locations":[{"start":{"line":4,"column":65},"end":{"line":4,"column":65}},{"start":{"line":4,"column":65},"end":{"line":4,"column":65}}]},"2":{"line":21,"type":"if","locations":[{"start":{"line":21,"column":6},"end":{"line":21,"column":6}},{"start":{"line":21,"column":6},"end":{"line":21,"column":6}}]}},"code":["// Generated by CoffeeScript 1.10.0","(function() {","  var Include, Liquid,","    extend = function(child, parent) { for (var key in parent) { if (hasProp.call(parent, key)) child[key] = parent[key]; } function ctor() { this.constructor = child; } ctor.prototype = parent.prototype; child.prototype = new ctor(); child.__super__ = parent.prototype; return child; },","    hasProp = {}.hasOwnProperty;","","  Liquid = require(\"../../liquid\");","","  module.exports = Include = (function(superClass) {","    var Syntax, SyntaxHelp;","","    extend(Include, superClass);","","    Syntax = /([a-z0-9\\/\\\\_-]+)/i;","","    SyntaxHelp = \"Syntax Error in 'include' - Valid syntax: include [templateName]\";","","    function Include(template, tagName, markup, tokens) {","      var match;","      match = Syntax.exec(markup);","      if (!match) {","        throw new Liquid.SyntaxError(SyntaxHelp);","      }","      this.filepath = match[1];","      this.subTemplate = template.engine.fileSystem.readTemplateFile(this.filepath).then(function(src) {","        return template.engine.parse(src);","      });","      Include.__super__.constructor.apply(this, arguments);","    }","","    Include.prototype.render = function(context) {","      return this.subTemplate.then(function(i) {","        return i.render(context);","      });","    };","","    return Include;","","  })(Liquid.Tag);","","}).call(this);","","//# sourceMappingURL=include.js.map",""],"l":{"2":1,"3":1,"4":1,"7":1,"9":1,"10":1,"12":1,"14":1,"16":1,"18":1,"19":0,"20":0,"21":0,"22":0,"24":0,"25":0,"26":0,"28":0,"31":1,"32":0,"33":0,"37":1}}}